TN:
SF:/home/omer-cohen/Downloads/Operation_System_FINAL-main/boruvka.cpp
FN:12,75,_Z7boruvkaRKSt6vectorISt5tupleIJiiiiEESaIS1_EEi
FN:28,33,_ZZ7boruvkaRKSt6vectorISt5tupleIJiiiiEESaIS1_EEiENKUliiE_clEii
FNDA:1,_Z7boruvkaRKSt6vectorISt5tupleIJiiiiEESaIS1_EEi
FNDA:4,_ZZ7boruvkaRKSt6vectorISt5tupleIJiiiiEESaIS1_EEiENKUliiE_clEii
FNF:2
FNH:2
DA:12,1
DA:14,1
DA:15,1
DA:16,1
DA:17,1
DA:19,1
DA:20,1
DA:21,3
DA:24,2
DA:25,2
DA:26,2
DA:28,0
DA:29,4
DA:30,6
DA:31,2
DA:33,6
DA:35,6
DA:36,4
DA:37,3
DA:38,3
DA:42,4
DA:45,2
DA:46,2
DA:47,2
DA:48,2
DA:49,1
DA:50,1
DA:51,1
DA:52,1
DA:55,2
DA:57,6
DA:59,5
DA:62,2
DA:63,2
DA:65,1
DA:66,1
DA:67,1
DA:68,1
DA:71,2
DA:72,2
DA:74,2
DA:75,1
LF:42
LH:41
end_of_record
TN:
SF:/home/omer-cohen/Downloads/Operation_System_FINAL-main/graph.cpp
FN:15,28,_ZN5Graph7addEdgeEiii
FN:31,40,_ZN5Graph10removeEdgeEii
FN:43,45,_ZNK5Graph14getVertexCountEv
FN:48,50,_ZNK5Graph12getEdgeCountEv
FN:5,8,_ZN5GraphC2Ei
FN:53,55,_ZNK5Graph8getGraphEv
FN:9,12,_ZN5GraphC2Ev
FNDA:2,_ZN5Graph7addEdgeEiii
FNDA:1,_ZN5Graph10removeEdgeEii
FNDA:3,_ZNK5Graph14getVertexCountEv
FNDA:0,_ZNK5Graph12getEdgeCountEv
FNDA:3,_ZN5GraphC2Ei
FNDA:3,_ZNK5Graph8getGraphEv
FNDA:0,_ZN5GraphC2Ev
FNF:7
FNH:5
DA:5,3
DA:7,6
DA:8,3
DA:9,0
DA:11,0
DA:12,0
DA:15,2
DA:16,2
DA:17,0
DA:19,2
DA:20,0
DA:23,2
DA:24,2
DA:26,2
DA:27,2
DA:28,2
DA:31,1
DA:32,1
DA:33,0
DA:35,1
DA:36,1
DA:37,1
DA:38,1
DA:40,1
DA:43,3
DA:44,3
DA:48,0
DA:49,0
DA:53,3
DA:54,3
LF:30
LH:22
end_of_record
TN:
SF:/home/omer-cohen/Downloads/Operation_System_FINAL-main/graph.hpp
FNF:0
FNH:0
LF:0
LH:0
end_of_record
TN:
SF:/home/omer-cohen/Downloads/Operation_System_FINAL-main/mst.cpp
FN:10,17,_ZN3MSTC2ERKSt6vectorIS0_IiSaIiEESaIS2_EEiRKNSt7__cxx1112basic_stringIcSt11char_traitsIcESaIcEEE
FN:121,141,_ZN3MST19getShortestDistanceEii
FN:20,22,_ZN3MST21calculateMSTUsingPrimEv
FN:25,28,_ZN3MST7primMSTEv
FN:31,33,_ZN3MST24calculateMSTUsingBoruvkaEv
FN:36,39,_ZN3MST10boruvkaMSTEv
FN:42,48,_ZN3MST14getTotalWeightEv
FN:51,61,_ZN3MST19convertGraphToEdgesEv
FN:64,83,_ZN3MST18getLongestDistanceEii
FN:86,117,_ZN3MST19getAverageEdgeCountEv
FNDA:2,_ZN3MSTC2ERKSt6vectorIS0_IiSaIiEESaIS2_EEiRKNSt7__cxx1112basic_stringIcSt11char_traitsIcESaIcEEE
FNDA:1,_ZN3MST19getShortestDistanceEii
FNDA:1,_ZN3MST21calculateMSTUsingPrimEv
FNDA:0,_ZN3MST7primMSTEv
FNDA:1,_ZN3MST24calculateMSTUsingBoruvkaEv
FNDA:0,_ZN3MST10boruvkaMSTEv
FNDA:1,_ZN3MST14getTotalWeightEv
FNDA:2,_ZN3MST19convertGraphToEdgesEv
FNDA:1,_ZN3MST18getLongestDistanceEii
FNDA:1,_ZN3MST19getAverageEdgeCountEv
FNF:10
FNH:8
DA:10,2
DA:12,2
DA:13,1
DA:14,1
DA:15,1
DA:17,2
DA:20,1
DA:21,1
DA:22,1
DA:25,0
DA:26,0
DA:27,0
DA:31,1
DA:32,1
DA:33,1
DA:36,0
DA:37,0
DA:38,0
DA:42,1
DA:43,1
DA:44,2
DA:45,1
DA:47,1
DA:51,2
DA:52,2
DA:53,6
DA:54,6
DA:55,2
DA:56,2
DA:60,2
DA:61,0
DA:64,1
DA:65,1
DA:66,1
DA:67,1
DA:68,1
DA:70,3
DA:71,2
DA:72,2
DA:74,6
DA:75,4
DA:76,1
DA:77,1
DA:82,2
DA:83,1
DA:86,1
DA:88,1
DA:89,1
DA:90,1
DA:93,1
DA:95,3
DA:96,6
DA:97,12
DA:98,8
DA:99,8
DA:106,3
DA:107,3
DA:108,1
DA:109,1
DA:110,1
DA:116,2
DA:117,1
DA:121,1
DA:122,1
DA:123,1
DA:125,1
DA:126,1
DA:128,3
DA:129,2
DA:130,2
DA:132,6
DA:133,4
DA:134,1
DA:135,1
DA:140,2
DA:141,1
LF:76
LH:69
end_of_record
TN:
SF:/home/omer-cohen/Downloads/Operation_System_FINAL-main/mst.hpp
FN:13,13,_ZN3MSTC2ERKSt6vectorIS0_IiSaIiEESaIS2_EEi
FNDA:1,_ZN3MSTC2ERKSt6vectorIS0_IiSaIiEESaIS2_EEi
FNF:1
FNH:1
DA:13,1
LF:1
LH:1
end_of_record
TN:
SF:/home/omer-cohen/Downloads/Operation_System_FINAL-main/pipeline_server.cpp
FN:104,119,_Z4menuB5cxx11v
FN:121,137,_Z24check_is_valid_operationibb
FN:139,377,_Z20handleClientPipelinei
FN:211,215,_ZZ20handleClientPipelineiENKUlvE_clEv
FN:237,242,_ZZ20handleClientPipelineiENKUlvE0_clEv
FN:256,261,_ZZ20handleClientPipelineiENKUlvE1_clEv
FN:291,296,_ZZ20handleClientPipelineiENKUlvE2_clEv
FN:304,308,_ZZ20handleClientPipelineiENKUlvE3_clEv
FN:325,329,_ZZ20handleClientPipelineiENKUlvE4_clEv
FN:347,351,_ZZ20handleClientPipelineiENKUlvE5_clEv
FN:359,363,_ZZ20handleClientPipelineiENKUlvE6_clEv
FN:383,450,main
FN:40,63,_ZN12ActiveObjectC2Ev
FN:42,62,_ZZN12ActiveObjectC4EvENKUlvE_clEv
FN:49,49,_ZZZN12ActiveObjectC4EvENKUlvE_clEvENKUlvE_clEv
FN:71,79,_ZN12ActiveObject4postESt8functionIFvvEE
FN:85,96,_ZN12ActiveObject4stopEv
FN:97,100,_ZN12ActiveObjectD2Ev
FNDA:15,_Z4menuB5cxx11v
FNDA:8,_Z24check_is_valid_operationibb
FNDA:1,_Z20handleClientPipelinei
FNDA:1,_ZZ20handleClientPipelineiENKUlvE_clEv
FNDA:1,_ZZ20handleClientPipelineiENKUlvE0_clEv
FNDA:1,_ZZ20handleClientPipelineiENKUlvE1_clEv
FNDA:2,_ZZ20handleClientPipelineiENKUlvE2_clEv
FNDA:1,_ZZ20handleClientPipelineiENKUlvE3_clEv
FNDA:1,_ZZ20handleClientPipelineiENKUlvE4_clEv
FNDA:1,_ZZ20handleClientPipelineiENKUlvE5_clEv
FNDA:1,_ZZ20handleClientPipelineiENKUlvE6_clEv
FNDA:1,main
FNDA:3,_ZN12ActiveObjectC2Ev
FNDA:3,_ZZN12ActiveObjectC4EvENKUlvE_clEv
FNDA:24,_ZZZN12ActiveObjectC4EvENKUlvE_clEvENKUlvE_clEv
FNDA:9,_ZN12ActiveObject4postESt8functionIFvvEE
FNDA:3,_ZN12ActiveObject4stopEv
FNDA:3,_ZN12ActiveObjectD2Ev
FNF:18
FNH:18
DA:40,3
DA:41,3
DA:42,6
DA:45,12
DA:46,12
DA:48,12
DA:49,36
DA:50,12
DA:52,3
DA:54,9
DA:55,9
DA:56,12
DA:58,9
DA:59,12
DA:60,0
DA:61,0
DA:62,3
DA:63,3
DA:71,9
DA:74,9
DA:75,9
DA:77,9
DA:78,9
DA:79,9
DA:85,3
DA:88,3
DA:89,3
DA:90,3
DA:91,3
DA:92,3
DA:94,3
DA:96,3
DA:97,3
DA:99,3
DA:100,3
DA:104,15
DA:106,15
DA:107,15
DA:108,15
DA:109,15
DA:110,15
DA:111,15
DA:112,15
DA:113,15
DA:114,15
DA:115,15
DA:116,15
DA:117,15
DA:118,30
DA:119,15
DA:121,8
DA:123,8
DA:125,0
DA:126,0
DA:127,0
DA:128,0
DA:130,8
DA:132,4
DA:133,4
DA:134,4
DA:135,4
DA:136,4
DA:139,1
DA:144,1
DA:145,1
DA:146,1
DA:153,15
DA:154,15
DA:157,15
DA:158,15
DA:159,15
DA:161,0
DA:162,0
DA:163,0
DA:166,15
DA:167,15
DA:169,15
DA:171,15
DA:173,1
DA:175,1
DA:176,1
DA:177,1
DA:179,2
DA:181,2
DA:182,2
DA:184,2
DA:185,2
DA:186,2
DA:189,2
DA:191,2
DA:192,2
DA:194,2
DA:195,2
DA:196,2
DA:199,3
DA:201,1
DA:202,1
DA:205,1
DA:206,1
DA:207,1
DA:208,1
DA:211,1
DA:213,1
DA:214,1
DA:215,1
DA:218,1
DA:220,2
DA:221,2
DA:222,2
DA:223,2
DA:224,2
DA:225,2
DA:226,1
DA:228,1
DA:229,1
DA:232,1
DA:233,1
DA:234,1
DA:235,1
DA:237,1
DA:239,1
DA:240,1
DA:241,1
DA:242,1
DA:243,1
DA:244,1
DA:245,1
DA:247,1
DA:248,1
DA:251,1
DA:252,1
DA:253,1
DA:254,1
DA:256,1
DA:258,1
DA:259,1
DA:260,1
DA:261,1
DA:262,1
DA:263,1
DA:265,2
DA:268,2
DA:270,0
DA:271,0
DA:272,0
DA:273,0
DA:274,2
DA:275,2
DA:277,2
DA:278,2
DA:279,2
DA:282,2
DA:285,2
DA:286,0
DA:287,0
DA:288,0
DA:289,0
DA:291,2
DA:293,2
DA:294,2
DA:295,2
DA:296,2
DA:297,2
DA:298,2
DA:299,2
DA:302,2
DA:304,1
DA:306,1
DA:307,1
DA:308,1
DA:309,1
DA:311,2
DA:314,2
DA:316,1
DA:317,1
DA:319,1
DA:320,1
DA:321,1
DA:323,1
DA:325,1
DA:327,1
DA:328,1
DA:329,1
DA:330,1
DA:332,1
DA:333,2
DA:336,2
DA:338,1
DA:339,1
DA:341,1
DA:342,1
DA:343,1
DA:345,1
DA:347,1
DA:349,1
DA:350,1
DA:351,1
DA:352,1
DA:353,1
DA:354,2
DA:357,2
DA:359,1
DA:361,1
DA:362,1
DA:363,1
DA:364,1
DA:366,0
DA:368,0
DA:369,0
DA:371,0
DA:372,0
DA:373,0
DA:374,0
DA:376,31
DA:377,1
DA:383,1
DA:388,1
DA:389,1
DA:392,1
DA:394,0
DA:395,0
DA:399,1
DA:401,0
DA:402,0
DA:403,0
DA:406,1
DA:407,1
DA:408,1
DA:411,1
DA:413,0
DA:414,0
DA:415,0
DA:419,1
DA:421,0
DA:422,0
DA:423,0
DA:429,1
DA:432,1
DA:434,1
DA:435,1
DA:436,1
DA:438,1
DA:439,1
DA:443,0
DA:445,0
DA:448,0
DA:449,0
LF:247
LH:208
end_of_record
TN:
SF:/home/omer-cohen/Downloads/Operation_System_FINAL-main/prim.cpp
FN:17,20,_ZNK4EdgeltERKS_
FN:21,25,_ZN4EdgeC2Ev
FN:26,26,_ZN4EdgeC2Eiii
FN:29,61,_Z5_primRKSt6vectorIS_I4EdgeSaIS0_EESaIS2_EEi
FN:64,78,_Z4primRKSt6vectorISt5tupleIJiiiiEESaIS1_EEi
FNDA:0,_ZNK4EdgeltERKS_
FNDA:2,_ZN4EdgeC2Ev
FNDA:6,_ZN4EdgeC2Eiii
FNDA:1,_Z5_primRKSt6vectorIS_I4EdgeSaIS0_EESaIS2_EEi
FNDA:1,_Z4primRKSt6vectorISt5tupleIJiiiiEESaIS1_EEi
FNF:5
FNH:4
DA:17,0
DA:19,0
DA:21,2
DA:22,2
DA:23,2
DA:24,2
DA:25,2
DA:26,6
DA:29,1
DA:31,1
DA:33,1
DA:34,1
DA:35,1
DA:36,1
DA:38,1
DA:39,3
DA:41,2
DA:42,2
DA:43,2
DA:45,2
DA:47,1
DA:50,4
DA:52,2
DA:54,1
DA:55,1
DA:56,1
DA:60,2
DA:61,1
DA:64,1
DA:66,1
DA:67,2
DA:70,1
DA:71,1
DA:72,1
DA:75,1
DA:77,2
DA:78,1
LF:37
LH:35
end_of_record
TN:
SF:/usr/include/c++/13/bits/alloc_traits.h
FNF:0
FNH:0
DA:482,52
DA:517,52
DA:538,24
DA:542,24
DA:562,16
DA:574,30
DA:588,22
DA:722,0
DA:755,8
DA:759,8
DA:948,57
DA:949,57
LF:12
LH:11
end_of_record
TN:
SF:/usr/include/c++/13/bits/allocator.h
FNF:0
FNH:0
DA:163,87
DA:168,79
DA:178,13
DA:184,120
DA:223,0
LF:5
LH:4
end_of_record
TN:
SF:/usr/include/c++/13/bits/basic_string.h
FN:3528,3541,_ZSt12__str_concatINSt7__cxx1112basic_stringIcSt11char_traitsIcESaIcEEEET_PKNS6_10value_typeENS6_9size_typeES9_SA_RKNS6_14allocator_typeE
FN:3571,3579,_ZStplIcSt11char_traitsIcESaIcEENSt7__cxx1112basic_stringIT_T0_T1_EEPKS5_RKS8_
FN:3651,3669,_ZStplIcSt11char_traitsIcESaIcEENSt7__cxx1112basic_stringIT_T0_T1_EEOS8_S9_
FN:3674,3676,_ZStplIcSt11char_traitsIcESaIcEENSt7__cxx1112basic_stringIT_T0_T1_EEPKS5_OS8_
FN:3688,3690,_ZStplIcSt11char_traitsIcESaIcEENSt7__cxx1112basic_stringIT_T0_T1_EEOS8_PKS5_
FN:3727,3732,_ZSteqIcSt11char_traitsIcESaIcEEbRKNSt7__cxx1112basic_stringIT_T0_T1_EEPKS5_
FN:3815,3817,_ZStneIcSt11char_traitsIcESaIcEEbRKNSt7__cxx1112basic_stringIT_T0_T1_EEPKS5_
FN:4120,4122,_ZNSt7__cxx114stoiERKNS_12basic_stringIcSt11char_traitsIcESaIcEEEPmi
FN:4162,4173,_ZNSt7__cxx119to_stringEi
FN:641,650,_ZNSt7__cxx1112basic_stringIcSt11char_traitsIcESaIcEEC2IS3_EEPKcRKS3_
FN:664,666,_ZNSt7__cxx1112basic_stringIcSt11char_traitsIcESaIcEEC2IS3_EEmcRKS3_
FNDA:2,_ZSt12__str_concatINSt7__cxx1112basic_stringIcSt11char_traitsIcESaIcEEEET_PKNS6_10value_typeENS6_9size_typeES9_SA_RKNS6_14allocator_typeE
FNDA:2,_ZStplIcSt11char_traitsIcESaIcEENSt7__cxx1112basic_stringIT_T0_T1_EEPKS5_RKS8_
FNDA:9,_ZStplIcSt11char_traitsIcESaIcEENSt7__cxx1112basic_stringIT_T0_T1_EEOS8_S9_
FNDA:7,_ZStplIcSt11char_traitsIcESaIcEENSt7__cxx1112basic_stringIT_T0_T1_EEPKS5_OS8_
FNDA:18,_ZStplIcSt11char_traitsIcESaIcEENSt7__cxx1112basic_stringIT_T0_T1_EEOS8_PKS5_
FNDA:6,_ZSteqIcSt11char_traitsIcESaIcEEbRKNSt7__cxx1112basic_stringIT_T0_T1_EEPKS5_
FNDA:3,_ZStneIcSt11char_traitsIcESaIcEEbRKNSt7__cxx1112basic_stringIT_T0_T1_EEPKS5_
FNDA:4,_ZNSt7__cxx114stoiERKNS_12basic_stringIcSt11char_traitsIcESaIcEEEPmi
FNDA:16,_ZNSt7__cxx119to_stringEi
FNDA:38,_ZNSt7__cxx1112basic_stringIcSt11char_traitsIcESaIcEEC2IS3_EEPKcRKS3_
FNDA:16,_ZNSt7__cxx1112basic_stringIcSt11char_traitsIcESaIcEEC2IS3_EEmcRKS3_
FNF:11
FNH:11
DA:355,26
DA:641,38
DA:642,38
DA:645,38
DA:646,0
DA:648,38
DA:649,38
DA:650,38
DA:664,16
DA:665,16
DA:666,16
DA:3528,2
DA:3536,2
DA:3537,2
DA:3538,2
DA:3539,2
DA:3540,2
DA:3541,0
DA:3571,2
DA:3578,4
DA:3651,9
DA:3656,9
DA:3658,9
DA:3661,9
DA:3664,9
DA:3665,9
DA:3666,0
DA:3668,9
DA:3674,7
DA:3676,7
DA:3688,18
DA:3690,18
DA:3727,6
DA:3730,6
DA:3731,6
DA:3815,3
DA:3817,3
DA:4120,4
DA:4121,4
DA:4122,4
DA:4162,16
DA:4167,16
DA:4168,16
DA:4169,16
DA:4170,16
DA:4171,16
DA:4172,16
LF:47
LH:44
end_of_record
TN:
SF:/usr/include/c++/13/bits/basic_string.tcc
FN:221,252,_ZNSt7__cxx1112basic_stringIcSt11char_traitsIcESaIcEE12_M_constructIPKcEEvT_S8_St20forward_iterator_tag
FN:239,239,_ZZNSt7__cxx1112basic_stringIcSt11char_traitsIcESaIcEE12_M_constructIPKcEEvT_S8_St20forward_iterator_tagEN6_GuardC2EPS4_
FN:242,242,_ZZNSt7__cxx1112basic_stringIcSt11char_traitsIcESaIcEE12_M_constructIPKcEEvT_S8_St20forward_iterator_tagEN6_GuardD2Ev
FNDA:38,_ZNSt7__cxx1112basic_stringIcSt11char_traitsIcESaIcEE12_M_constructIPKcEEvT_S8_St20forward_iterator_tag
FNDA:38,_ZZNSt7__cxx1112basic_stringIcSt11char_traitsIcESaIcEE12_M_constructIPKcEEvT_S8_St20forward_iterator_tagEN6_GuardC2EPS4_
FNDA:38,_ZZNSt7__cxx1112basic_stringIcSt11char_traitsIcESaIcEE12_M_constructIPKcEEvT_S8_St20forward_iterator_tagEN6_GuardD2Ev
FNF:3
FNH:3
DA:221,38
DA:225,38
DA:227,38
DA:229,12
DA:230,12
DA:239,38
DA:242,38
DA:245,38
DA:247,38
DA:249,38
DA:251,38
DA:252,38
LF:12
LH:12
end_of_record
TN:
SF:/usr/include/c++/13/bits/char_traits.h
FN:136,137,_ZN9__gnu_cxx11char_traitsIcE2eqERKcS3_
FN:199,206,_ZN9__gnu_cxx11char_traitsIcE6lengthEPKc
FN:366,371,_ZNSt11char_traitsIcE2ltERKcS2_
FN:374,390,_ZNSt11char_traitsIcE7compareEPKcS2_m
FN:393,400,_ZNSt11char_traitsIcE6lengthEPKc
FN:427,436,_ZNSt11char_traitsIcE4copyEPcPKcm
FNDA:0,_ZN9__gnu_cxx11char_traitsIcE2eqERKcS3_
FNDA:0,_ZN9__gnu_cxx11char_traitsIcE6lengthEPKc
FNDA:0,_ZNSt11char_traitsIcE2ltERKcS2_
FNDA:4,_ZNSt11char_traitsIcE7compareEPKcS2_m
FNDA:46,_ZNSt11char_traitsIcE6lengthEPKc
FNDA:0,_ZNSt11char_traitsIcE4copyEPcPKcm
FNF:6
FNH:2
DA:136,0
DA:137,0
DA:199,0
DA:202,0
DA:203,0
DA:204,0
DA:205,0
DA:366,0
DA:369,0
DA:370,0
DA:374,4
DA:376,4
DA:377,0
DA:379,4
DA:381,0
DA:382,0
DA:383,0
DA:384,0
DA:385,0
DA:386,0
DA:389,4
DA:393,46
DA:396,46
DA:397,0
DA:399,46
DA:427,0
DA:429,0
DA:430,0
DA:435,0
LF:29
LH:7
end_of_record
TN:
SF:/usr/include/c++/13/bits/charconv.h
FN:55,74,_ZNSt8__detail14__to_chars_lenIjEEjT_i
FN:81,110,_ZNSt8__detail18__to_chars_10_implIjEEvPcjT_
FNDA:16,_ZNSt8__detail14__to_chars_lenIjEEjT_i
FNDA:16,_ZNSt8__detail18__to_chars_10_implIjEEvPcjT_
FNF:2
FNH:2
DA:55,16
DA:61,16
DA:62,16
DA:63,16
DA:64,16
DA:67,16
DA:68,0
DA:69,0
DA:70,0
DA:71,0
DA:72,0
DA:81,16
DA:87,16
DA:93,16
DA:94,16
DA:96,0
DA:97,0
DA:98,0
DA:99,0
DA:100,0
DA:102,16
DA:104,0
DA:105,0
DA:106,0
DA:109,16
DA:110,16
LF:26
LH:13
end_of_record
TN:
SF:/usr/include/c++/13/bits/cpp_type_traits.h
FN:607,608,_ZSt12__miter_baseIN9__gnu_cxx17__normal_iteratorIPKiSt6vectorIiSaIiEEEEET_S8_
FN:607,608,_ZSt12__miter_baseIPPSt8functionIFvvEEET_S5_
FN:607,608,_ZSt12__miter_baseIPPiET_S2_
FN:607,608,_ZSt12__miter_baseIPSt6vectorIiSaIiEEET_S4_
FN:607,608,_ZSt12__miter_baseIPiET_S1_
FNDA:26,_ZSt12__miter_baseIN9__gnu_cxx17__normal_iteratorIPKiSt6vectorIiSaIiEEEEET_S8_
FNDA:0,_ZSt12__miter_baseIPPSt8functionIFvvEEET_S5_
FNDA:0,_ZSt12__miter_baseIPPiET_S2_
FNDA:0,_ZSt12__miter_baseIPSt6vectorIiSaIiEEET_S4_
FNDA:0,_ZSt12__miter_baseIPiET_S1_
FNF:5
FNH:1
DA:607,26
DA:608,26
LF:2
LH:2
end_of_record
TN:
SF:/usr/include/c++/13/bits/deque.tcc
FN:484,516,_ZNSt5dequeISt8functionIFvvEESaIS2_EE16_M_push_back_auxIJRKS2_EEEvDpOT_
FN:484,516,_ZNSt5dequeIiSaIiEE16_M_push_back_auxIJRKiEEEvDpOT_
FN:576,584,_ZNSt5dequeISt8functionIFvvEESaIS2_EE16_M_pop_front_auxEv
FN:576,584,_ZNSt5dequeIiSaIiEE16_M_pop_front_auxEv
FN:859,877,_ZNSt5dequeISt8functionIFvvEESaIS2_EE19_M_destroy_data_auxESt15_Deque_iteratorIS2_RS2_PS2_ES8_
FN:931,973,_ZNSt5dequeISt8functionIFvvEESaIS2_EE17_M_reallocate_mapEmb
FN:931,973,_ZNSt5dequeIiSaIiEE17_M_reallocate_mapEmb
FNDA:0,_ZNSt5dequeISt8functionIFvvEESaIS2_EE16_M_push_back_auxIJRKS2_EEEvDpOT_
FNDA:0,_ZNSt5dequeIiSaIiEE16_M_push_back_auxIJRKiEEEvDpOT_
FNDA:0,_ZNSt5dequeISt8functionIFvvEESaIS2_EE16_M_pop_front_auxEv
FNDA:0,_ZNSt5dequeIiSaIiEE16_M_pop_front_auxEv
FNDA:3,_ZNSt5dequeISt8functionIFvvEESaIS2_EE19_M_destroy_data_auxESt15_Deque_iteratorIS2_RS2_PS2_ES8_
FNDA:0,_ZNSt5dequeISt8functionIFvvEESaIS2_EE17_M_reallocate_mapEmb
FNDA:0,_ZNSt5dequeIiSaIiEE17_M_reallocate_mapEmb
FNF:7
FNH:1
DA:484,0
DA:492,0
DA:493,0
DA:496,0
DA:497,0
DA:501,0
DA:507,0
DA:509,0
DA:511,0
DA:513,0
DA:514,0
DA:516,0
DA:576,0
DA:579,0
DA:581,0
DA:582,0
DA:583,0
DA:584,0
DA:859,3
DA:862,3
DA:863,3
DA:864,0
DA:865,0
DA:867,3
DA:869,0
DA:870,0
DA:871,0
DA:872,0
DA:875,3
DA:876,3
DA:877,3
DA:931,0
DA:934,0
DA:935,0
DA:936,0
DA:939,0
DA:941,0
DA:942,0
DA:943,0
DA:944,0
DA:945,0
DA:946,0
DA:949,0
DA:950,0
DA:951,0
DA:955,0
DA:956,0
DA:959,0
DA:960,0
DA:961,0
DA:962,0
DA:963,0
DA:965,0
DA:967,0
DA:968,0
DA:971,0
DA:972,0
DA:973,0
LF:58
LH:7
end_of_record
TN:
SF:/usr/include/c++/13/bits/functional_hash.h
FN:154,154,_ZNKSt4hashIiEclEi
FNDA:2,_ZNKSt4hashIiEclEi
FNF:1
FNH:1
DA:154,2
LF:1
LH:1
end_of_record
TN:
SF:/usr/include/c++/13/bits/hashtable.h
FN:1595,1610,_ZNSt10_HashtableIiiSaIiENSt8__detail9_IdentityESt8equal_toIiESt4hashIiENS1_18_Mod_range_hashingENS1_20_Default_ranged_hashENS1_20_Prime_rehash_policyENS1_17_Hashtable_traitsILb0ELb1ELb1EEEED2Ev
FN:1664,1680,_ZNSt10_HashtableIiiSaIiENSt8__detail9_IdentityESt8equal_toIiESt4hashIiENS1_18_Mod_range_hashingENS1_20_Default_ranged_hashENS1_20_Prime_rehash_policyENS1_17_Hashtable_traitsILb0ELb1ELb1EEEE4findERKi
FN:1948,1970,_ZNKSt10_HashtableIiiSaIiENSt8__detail9_IdentityESt8equal_toIiESt4hashIiENS1_18_Mod_range_hashingENS1_20_Default_ranged_hashENS1_20_Prime_rehash_policyENS1_17_Hashtable_traitsILb0ELb1ELb1EEEE19_M_find_before_nodeEmRKim
FN:1978,2000,_ZNKSt10_HashtableIiiSaIiENSt8__detail9_IdentityESt8equal_toIiESt4hashIiENS1_18_Mod_range_hashingENS1_20_Default_ranged_hashENS1_20_Prime_rehash_policyENS1_17_Hashtable_traitsILb0ELb1ELb1EEEE22_M_find_before_node_trIiEEPNS1_15_Hash_node_baseEmRKT_m
FN:2007,2033,_ZNSt10_HashtableIiiSaIiENSt8__detail9_IdentityESt8equal_toIiESt4hashIiENS1_18_Mod_range_hashingENS1_20_Default_ranged_hashENS1_20_Prime_rehash_policyENS1_17_Hashtable_traitsILb0ELb1ELb1EEEE22_M_insert_bucket_beginEmPNS1_10_Hash_nodeIiLb0EEE
FN:2166,2189,_ZNSt10_HashtableIiiSaIiENSt8__detail9_IdentityESt8equal_toIiESt4hashIiENS1_18_Mod_range_hashingENS1_20_Default_ranged_hashENS1_20_Prime_rehash_policyENS1_17_Hashtable_traitsILb0ELb1ELb1EEEE21_M_insert_unique_nodeEmmPNS1_10_Hash_nodeIiLb0EEEm
FN:2253,2281,_ZNSt10_HashtableIiiSaIiENSt8__detail9_IdentityESt8equal_toIiESt4hashIiENS1_18_Mod_range_hashingENS1_20_Default_ranged_hashENS1_20_Prime_rehash_policyENS1_17_Hashtable_traitsILb0ELb1ELb1EEEE16_M_insert_uniqueIRKiSF_NS1_10_AllocNodeISaINS1_10_Hash_nodeIiLb0EEEEEEEESt4pairINS1_14_Node_iteratorIiLb1ELb0EEEbEOT_OT0_RKT1_
FN:2520,2529,_ZNSt10_HashtableIiiSaIiENSt8__detail9_IdentityESt8equal_toIiESt4hashIiENS1_18_Mod_range_hashingENS1_20_Default_ranged_hashENS1_20_Prime_rehash_policyENS1_17_Hashtable_traitsILb0ELb1ELb1EEEE5clearEv
FN:2559,2574,_ZNSt10_HashtableIiiSaIiENSt8__detail9_IdentityESt8equal_toIiESt4hashIiENS1_18_Mod_range_hashingENS1_20_Default_ranged_hashENS1_20_Prime_rehash_policyENS1_17_Hashtable_traitsILb0ELb1ELb1EEEE9_M_rehashEmRKm
FN:2582,2616,_ZNSt10_HashtableIiiSaIiENSt8__detail9_IdentityESt8equal_toIiESt4hashIiENS1_18_Mod_range_hashingENS1_20_Default_ranged_hashENS1_20_Prime_rehash_policyENS1_17_Hashtable_traitsILb0ELb1ELb1EEEE13_M_rehash_auxEmSt17integral_constantIbLb1EE
FN:300,301,_ZNSt10_HashtableIiiSaIiENSt8__detail9_IdentityESt8equal_toIiESt4hashIiENS1_18_Mod_range_hashingENS1_20_Default_ranged_hashENS1_20_Prime_rehash_policyENS1_17_Hashtable_traitsILb0ELb1ELb1EEEE12_Scoped_nodeC2EPNS1_10_Hash_nodeIiLb0EEEPNS1_16_Hashtable_allocISaISF_EEE
FN:311,311,_ZNSt10_HashtableIiiSaIiENSt8__detail9_IdentityESt8equal_toIiESt4hashIiENS1_18_Mod_range_hashingENS1_20_Default_ranged_hashENS1_20_Prime_rehash_policyENS1_17_Hashtable_traitsILb0ELb1ELb1EEEE12_Scoped_nodeD2Ev
FN:416,417,_ZNKSt10_HashtableIiiSaIiENSt8__detail9_IdentityESt8equal_toIiESt4hashIiENS1_18_Mod_range_hashingENS1_20_Default_ranged_hashENS1_20_Prime_rehash_policyENS1_17_Hashtable_traitsILb0ELb1ELb1EEEE21_M_uses_single_bucketEPPNS1_15_Hash_node_baseE
FN:424,428,_ZNSt10_HashtableIiiSaIiENSt8__detail9_IdentityESt8equal_toIiESt4hashIiENS1_18_Mod_range_hashingENS1_20_Default_ranged_hashENS1_20_Prime_rehash_policyENS1_17_Hashtable_traitsILb0ELb1ELb1EEEE22__small_size_thresholdEv
FN:434,443,_ZNSt10_HashtableIiiSaIiENSt8__detail9_IdentityESt8equal_toIiESt4hashIiENS1_18_Mod_range_hashingENS1_20_Default_ranged_hashENS1_20_Prime_rehash_policyENS1_17_Hashtable_traitsILb0ELb1ELb1EEEE19_M_allocate_bucketsEm
FN:446,452,_ZNSt10_HashtableIiiSaIiENSt8__detail9_IdentityESt8equal_toIiESt4hashIiENS1_18_Mod_range_hashingENS1_20_Default_ranged_hashENS1_20_Prime_rehash_policyENS1_17_Hashtable_traitsILb0ELb1ELb1EEEE21_M_deallocate_bucketsEPPNS1_15_Hash_node_baseEm
FN:455,456,_ZNSt10_HashtableIiiSaIiENSt8__detail9_IdentityESt8equal_toIiESt4hashIiENS1_18_Mod_range_hashingENS1_20_Default_ranged_hashENS1_20_Prime_rehash_policyENS1_17_Hashtable_traitsILb0ELb1ELb1EEEE21_M_deallocate_bucketsEv
FN:464,465,_ZNKSt10_HashtableIiiSaIiENSt8__detail9_IdentityESt8equal_toIiESt4hashIiENS1_18_Mod_range_hashingENS1_20_Default_ranged_hashENS1_20_Prime_rehash_policyENS1_17_Hashtable_traitsILb0ELb1ELb1EEEE8_M_beginEv
FN:530,530,_ZNSt10_HashtableIiiSaIiENSt8__detail9_IdentityESt8equal_toIiESt4hashIiENS1_18_Mod_range_hashingENS1_20_Default_ranged_hashENS1_20_Prime_rehash_policyENS1_17_Hashtable_traitsILb0ELb1ELb1EEEEC2Ev
FN:623,624,_ZNSt10_HashtableIiiSaIiENSt8__detail9_IdentityESt8equal_toIiESt4hashIiENS1_18_Mod_range_hashingENS1_20_Default_ranged_hashENS1_20_Prime_rehash_policyENS1_17_Hashtable_traitsILb0ELb1ELb1EEEE5beginEv
FN:631,632,_ZNSt10_HashtableIiiSaIiENSt8__detail9_IdentityESt8equal_toIiESt4hashIiENS1_18_Mod_range_hashingENS1_20_Default_ranged_hashENS1_20_Prime_rehash_policyENS1_17_Hashtable_traitsILb0ELb1ELb1EEEE3endEv
FN:647,648,_ZNKSt10_HashtableIiiSaIiENSt8__detail9_IdentityESt8equal_toIiESt4hashIiENS1_18_Mod_range_hashingENS1_20_Default_ranged_hashENS1_20_Prime_rehash_policyENS1_17_Hashtable_traitsILb0ELb1ELb1EEEE4sizeEv
FN:792,793,_ZNKSt10_HashtableIiiSaIiENSt8__detail9_IdentityESt8equal_toIiESt4hashIiENS1_18_Mod_range_hashingENS1_20_Default_ranged_hashENS1_20_Prime_rehash_policyENS1_17_Hashtable_traitsILb0ELb1ELb1EEEE15_M_bucket_indexERKNS1_16_Hash_node_valueIiLb0EEE
FN:796,797,_ZNKSt10_HashtableIiiSaIiENSt8__detail9_IdentityESt8equal_toIiESt4hashIiENS1_18_Mod_range_hashingENS1_20_Default_ranged_hashENS1_20_Prime_rehash_policyENS1_17_Hashtable_traitsILb0ELb1ELb1EEEE15_M_bucket_indexEm
FN:812,819,_ZNKSt10_HashtableIiiSaIiENSt8__detail9_IdentityESt8equal_toIiESt4hashIiENS1_18_Mod_range_hashingENS1_20_Default_ranged_hashENS1_20_Prime_rehash_policyENS1_17_Hashtable_traitsILb0ELb1ELb1EEEE12_M_find_nodeEmRKim
FN:823,830,_ZNKSt10_HashtableIiiSaIiENSt8__detail9_IdentityESt8equal_toIiESt4hashIiENS1_18_Mod_range_hashingENS1_20_Default_ranged_hashENS1_20_Prime_rehash_policyENS1_17_Hashtable_traitsILb0ELb1ELb1EEEE15_M_find_node_trIiEEPNS1_10_Hash_nodeIiLb0EEEmRKT_m
FN:893,894,_ZNSt10_HashtableIiiSaIiENSt8__detail9_IdentityESt8equal_toIiESt4hashIiENS1_18_Mod_range_hashingENS1_20_Default_ranged_hashENS1_20_Prime_rehash_policyENS1_17_Hashtable_traitsILb0ELb1ELb1EEEE14_S_forward_keyERKi
FN:902,907,_ZNSt10_HashtableIiiSaIiENSt8__detail9_IdentityESt8equal_toIiESt4hashIiENS1_18_Mod_range_hashingENS1_20_Default_ranged_hashENS1_20_Prime_rehash_policyENS1_17_Hashtable_traitsILb0ELb1ELb1EEEE20_M_insert_unique_auxIRKiNS1_10_AllocNodeISaINS1_10_Hash_nodeIiLb0EEEEEEEESt4pairINS1_14_Node_iteratorIiLb1ELb0EEEbEOT_RKT0_
FN:911,918,_ZNSt10_HashtableIiiSaIiENSt8__detail9_IdentityESt8equal_toIiESt4hashIiENS1_18_Mod_range_hashingENS1_20_Default_ranged_hashENS1_20_Prime_rehash_policyENS1_17_Hashtable_traitsILb0ELb1ELb1EEEE9_M_insertIRKiNS1_10_AllocNodeISaINS1_10_Hash_nodeIiLb0EEEEEEEESt4pairINS1_14_Node_iteratorIiLb1ELb0EEEbEOT_RKT0_St17integral_constantIbLb1EE
FNDA:2,_ZNSt10_HashtableIiiSaIiENSt8__detail9_IdentityESt8equal_toIiESt4hashIiENS1_18_Mod_range_hashingENS1_20_Default_ranged_hashENS1_20_Prime_rehash_policyENS1_17_Hashtable_traitsILb0ELb1ELb1EEEED2Ev
FNDA:2,_ZNSt10_HashtableIiiSaIiENSt8__detail9_IdentityESt8equal_toIiESt4hashIiENS1_18_Mod_range_hashingENS1_20_Default_ranged_hashENS1_20_Prime_rehash_policyENS1_17_Hashtable_traitsILb0ELb1ELb1EEEE4findERKi
FNDA:1,_ZNKSt10_HashtableIiiSaIiENSt8__detail9_IdentityESt8equal_toIiESt4hashIiENS1_18_Mod_range_hashingENS1_20_Default_ranged_hashENS1_20_Prime_rehash_policyENS1_17_Hashtable_traitsILb0ELb1ELb1EEEE19_M_find_before_nodeEmRKim
FNDA:0,_ZNKSt10_HashtableIiiSaIiENSt8__detail9_IdentityESt8equal_toIiESt4hashIiENS1_18_Mod_range_hashingENS1_20_Default_ranged_hashENS1_20_Prime_rehash_policyENS1_17_Hashtable_traitsILb0ELb1ELb1EEEE22_M_find_before_node_trIiEEPNS1_15_Hash_node_baseEmRKT_m
FNDA:1,_ZNSt10_HashtableIiiSaIiENSt8__detail9_IdentityESt8equal_toIiESt4hashIiENS1_18_Mod_range_hashingENS1_20_Default_ranged_hashENS1_20_Prime_rehash_policyENS1_17_Hashtable_traitsILb0ELb1ELb1EEEE22_M_insert_bucket_beginEmPNS1_10_Hash_nodeIiLb0EEE
FNDA:1,_ZNSt10_HashtableIiiSaIiENSt8__detail9_IdentityESt8equal_toIiESt4hashIiENS1_18_Mod_range_hashingENS1_20_Default_ranged_hashENS1_20_Prime_rehash_policyENS1_17_Hashtable_traitsILb0ELb1ELb1EEEE21_M_insert_unique_nodeEmmPNS1_10_Hash_nodeIiLb0EEEm
FNDA:1,_ZNSt10_HashtableIiiSaIiENSt8__detail9_IdentityESt8equal_toIiESt4hashIiENS1_18_Mod_range_hashingENS1_20_Default_ranged_hashENS1_20_Prime_rehash_policyENS1_17_Hashtable_traitsILb0ELb1ELb1EEEE16_M_insert_uniqueIRKiSF_NS1_10_AllocNodeISaINS1_10_Hash_nodeIiLb0EEEEEEEESt4pairINS1_14_Node_iteratorIiLb1ELb0EEEbEOT_OT0_RKT1_
FNDA:2,_ZNSt10_HashtableIiiSaIiENSt8__detail9_IdentityESt8equal_toIiESt4hashIiENS1_18_Mod_range_hashingENS1_20_Default_ranged_hashENS1_20_Prime_rehash_policyENS1_17_Hashtable_traitsILb0ELb1ELb1EEEE5clearEv
FNDA:1,_ZNSt10_HashtableIiiSaIiENSt8__detail9_IdentityESt8equal_toIiESt4hashIiENS1_18_Mod_range_hashingENS1_20_Default_ranged_hashENS1_20_Prime_rehash_policyENS1_17_Hashtable_traitsILb0ELb1ELb1EEEE9_M_rehashEmRKm
FNDA:1,_ZNSt10_HashtableIiiSaIiENSt8__detail9_IdentityESt8equal_toIiESt4hashIiENS1_18_Mod_range_hashingENS1_20_Default_ranged_hashENS1_20_Prime_rehash_policyENS1_17_Hashtable_traitsILb0ELb1ELb1EEEE13_M_rehash_auxEmSt17integral_constantIbLb1EE
FNDA:1,_ZNSt10_HashtableIiiSaIiENSt8__detail9_IdentityESt8equal_toIiESt4hashIiENS1_18_Mod_range_hashingENS1_20_Default_ranged_hashENS1_20_Prime_rehash_policyENS1_17_Hashtable_traitsILb0ELb1ELb1EEEE12_Scoped_nodeC2EPNS1_10_Hash_nodeIiLb0EEEPNS1_16_Hashtable_allocISaISF_EEE
FNDA:1,_ZNSt10_HashtableIiiSaIiENSt8__detail9_IdentityESt8equal_toIiESt4hashIiENS1_18_Mod_range_hashingENS1_20_Default_ranged_hashENS1_20_Prime_rehash_policyENS1_17_Hashtable_traitsILb0ELb1ELb1EEEE12_Scoped_nodeD2Ev
FNDA:3,_ZNKSt10_HashtableIiiSaIiENSt8__detail9_IdentityESt8equal_toIiESt4hashIiENS1_18_Mod_range_hashingENS1_20_Default_ranged_hashENS1_20_Prime_rehash_policyENS1_17_Hashtable_traitsILb0ELb1ELb1EEEE21_M_uses_single_bucketEPPNS1_15_Hash_node_baseE
FNDA:4,_ZNSt10_HashtableIiiSaIiENSt8__detail9_IdentityESt8equal_toIiESt4hashIiENS1_18_Mod_range_hashingENS1_20_Default_ranged_hashENS1_20_Prime_rehash_policyENS1_17_Hashtable_traitsILb0ELb1ELb1EEEE22__small_size_thresholdEv
FNDA:1,_ZNSt10_HashtableIiiSaIiENSt8__detail9_IdentityESt8equal_toIiESt4hashIiENS1_18_Mod_range_hashingENS1_20_Default_ranged_hashENS1_20_Prime_rehash_policyENS1_17_Hashtable_traitsILb0ELb1ELb1EEEE19_M_allocate_bucketsEm
FNDA:3,_ZNSt10_HashtableIiiSaIiENSt8__detail9_IdentityESt8equal_toIiESt4hashIiENS1_18_Mod_range_hashingENS1_20_Default_ranged_hashENS1_20_Prime_rehash_policyENS1_17_Hashtable_traitsILb0ELb1ELb1EEEE21_M_deallocate_bucketsEPPNS1_15_Hash_node_baseEm
FNDA:3,_ZNSt10_HashtableIiiSaIiENSt8__detail9_IdentityESt8equal_toIiESt4hashIiENS1_18_Mod_range_hashingENS1_20_Default_ranged_hashENS1_20_Prime_rehash_policyENS1_17_Hashtable_traitsILb0ELb1ELb1EEEE21_M_deallocate_bucketsEv
FNDA:5,_ZNKSt10_HashtableIiiSaIiENSt8__detail9_IdentityESt8equal_toIiESt4hashIiENS1_18_Mod_range_hashingENS1_20_Default_ranged_hashENS1_20_Prime_rehash_policyENS1_17_Hashtable_traitsILb0ELb1ELb1EEEE8_M_beginEv
FNDA:2,_ZNSt10_HashtableIiiSaIiENSt8__detail9_IdentityESt8equal_toIiESt4hashIiENS1_18_Mod_range_hashingENS1_20_Default_ranged_hashENS1_20_Prime_rehash_policyENS1_17_Hashtable_traitsILb0ELb1ELb1EEEEC2Ev
FNDA:2,_ZNSt10_HashtableIiiSaIiENSt8__detail9_IdentityESt8equal_toIiESt4hashIiENS1_18_Mod_range_hashingENS1_20_Default_ranged_hashENS1_20_Prime_rehash_policyENS1_17_Hashtable_traitsILb0ELb1ELb1EEEE5beginEv
FNDA:5,_ZNSt10_HashtableIiiSaIiENSt8__detail9_IdentityESt8equal_toIiESt4hashIiENS1_18_Mod_range_hashingENS1_20_Default_ranged_hashENS1_20_Prime_rehash_policyENS1_17_Hashtable_traitsILb0ELb1ELb1EEEE3endEv
FNDA:4,_ZNKSt10_HashtableIiiSaIiENSt8__detail9_IdentityESt8equal_toIiESt4hashIiENS1_18_Mod_range_hashingENS1_20_Default_ranged_hashENS1_20_Prime_rehash_policyENS1_17_Hashtable_traitsILb0ELb1ELb1EEEE4sizeEv
FNDA:0,_ZNKSt10_HashtableIiiSaIiENSt8__detail9_IdentityESt8equal_toIiESt4hashIiENS1_18_Mod_range_hashingENS1_20_Default_ranged_hashENS1_20_Prime_rehash_policyENS1_17_Hashtable_traitsILb0ELb1ELb1EEEE15_M_bucket_indexERKNS1_16_Hash_node_valueIiLb0EEE
FNDA:3,_ZNKSt10_HashtableIiiSaIiENSt8__detail9_IdentityESt8equal_toIiESt4hashIiENS1_18_Mod_range_hashingENS1_20_Default_ranged_hashENS1_20_Prime_rehash_policyENS1_17_Hashtable_traitsILb0ELb1ELb1EEEE15_M_bucket_indexEm
FNDA:1,_ZNKSt10_HashtableIiiSaIiENSt8__detail9_IdentityESt8equal_toIiESt4hashIiENS1_18_Mod_range_hashingENS1_20_Default_ranged_hashENS1_20_Prime_rehash_policyENS1_17_Hashtable_traitsILb0ELb1ELb1EEEE12_M_find_nodeEmRKim
FNDA:0,_ZNKSt10_HashtableIiiSaIiENSt8__detail9_IdentityESt8equal_toIiESt4hashIiENS1_18_Mod_range_hashingENS1_20_Default_ranged_hashENS1_20_Prime_rehash_policyENS1_17_Hashtable_traitsILb0ELb1ELb1EEEE15_M_find_node_trIiEEPNS1_10_Hash_nodeIiLb0EEEmRKT_m
FNDA:1,_ZNSt10_HashtableIiiSaIiENSt8__detail9_IdentityESt8equal_toIiESt4hashIiENS1_18_Mod_range_hashingENS1_20_Default_ranged_hashENS1_20_Prime_rehash_policyENS1_17_Hashtable_traitsILb0ELb1ELb1EEEE14_S_forward_keyERKi
FNDA:1,_ZNSt10_HashtableIiiSaIiENSt8__detail9_IdentityESt8equal_toIiESt4hashIiENS1_18_Mod_range_hashingENS1_20_Default_ranged_hashENS1_20_Prime_rehash_policyENS1_17_Hashtable_traitsILb0ELb1ELb1EEEE20_M_insert_unique_auxIRKiNS1_10_AllocNodeISaINS1_10_Hash_nodeIiLb0EEEEEEEESt4pairINS1_14_Node_iteratorIiLb1ELb0EEEbEOT_RKT0_
FNDA:1,_ZNSt10_HashtableIiiSaIiENSt8__detail9_IdentityESt8equal_toIiESt4hashIiENS1_18_Mod_range_hashingENS1_20_Default_ranged_hashENS1_20_Prime_rehash_policyENS1_17_Hashtable_traitsILb0ELb1ELb1EEEE9_M_insertIRKiNS1_10_AllocNodeISaINS1_10_Hash_nodeIiLb0EEEEEEEESt4pairINS1_14_Node_iteratorIiLb1ELb0EEEbEOT_RKT0_St17integral_constantIbLb1EE
FNF:29
FNH:26
DA:300,1
DA:301,1
DA:311,1
DA:416,3
DA:417,3
DA:424,4
DA:427,4
DA:434,1
DA:436,1
DA:438,0
DA:439,0
DA:442,1
DA:446,3
DA:448,3
DA:449,2
DA:451,1
DA:455,3
DA:456,3
DA:464,5
DA:465,5
DA:530,2
DA:623,2
DA:624,2
DA:631,5
DA:632,5
DA:647,4
DA:648,4
DA:792,0
DA:793,0
DA:796,3
DA:797,3
DA:812,1
DA:815,1
DA:816,1
DA:817,1
DA:818,0
DA:823,0
DA:826,0
DA:827,0
DA:828,0
DA:829,0
DA:893,1
DA:894,1
DA:902,1
DA:904,2
DA:905,2
DA:906,2
DA:911,1
DA:916,2
DA:917,2
DA:1595,2
DA:1608,2
DA:1609,2
DA:1610,2
DA:1664,2
DA:1669,2
DA:1671,1
DA:1672,0
DA:1673,0
DA:1674,1
DA:1677,1
DA:1678,1
DA:1679,1
DA:1948,1
DA:1954,1
DA:1955,1
DA:1956,0
DA:1958,1
DA:1959,0
DA:1961,1
DA:1962,1
DA:1964,0
DA:1965,0
DA:1966,0
DA:1969,0
DA:1978,0
DA:1984,0
DA:1985,0
DA:1986,0
DA:1988,0
DA:1989,0
DA:1991,0
DA:1992,0
DA:1994,0
DA:1995,0
DA:1996,0
DA:1999,0
DA:2007,1
DA:2011,1
DA:2015,0
DA:2016,0
DA:2023,1
DA:2024,1
DA:2026,1
DA:2029,0
DA:2031,1
DA:2033,1
DA:2166,1
DA:2172,1
DA:2174,1
DA:2177,1
DA:2179,1
DA:2180,1
DA:2183,1
DA:2186,1
DA:2187,1
DA:2188,1
DA:2253,1
DA:2259,1
DA:2260,1
DA:2261,0
DA:2262,0
DA:2264,1
DA:2265,1
DA:2267,1
DA:2268,0
DA:2269,0
DA:2271,1
DA:2278,1
DA:2279,1
DA:2280,1
DA:2281,1
DA:2520,2
DA:2524,2
DA:2525,2
DA:2526,2
DA:2527,2
DA:2528,2
DA:2529,2
DA:2559,1
DA:2565,1
DA:2567,0
DA:2571,0
DA:2572,0
DA:2574,1
DA:2582,1
DA:2586,1
DA:2587,1
DA:2588,1
DA:2589,1
DA:2590,1
DA:2592,0
DA:2594,0
DA:2595,0
DA:2597,0
DA:2598,0
DA:2599,0
DA:2600,0
DA:2601,0
DA:2602,0
DA:2606,0
DA:2607,0
DA:2610,0
DA:2613,1
DA:2614,1
DA:2615,1
DA:2616,1
LF:157
LH:105
end_of_record
TN:
SF:/usr/include/c++/13/bits/hashtable_policy.h
FN:1218,1218,_ZNSt8__detail21_Hashtable_ebo_helperILi0ESaINS_10_Hash_nodeIiLb0EEEELb1EEC2Ev
FN:1218,1218,_ZNSt8__detail21_Hashtable_ebo_helperILi0ESt8equal_toIiELb1EEC2Ev
FN:1218,1218,_ZNSt8__detail21_Hashtable_ebo_helperILi1ESt4hashIiELb1EEC2Ev
FN:1225,1225,_ZNKSt8__detail21_Hashtable_ebo_helperILi0ESt8equal_toIiELb1EE7_M_cgetEv
FN:1225,1225,_ZNKSt8__detail21_Hashtable_ebo_helperILi1ESt4hashIiELb1EE7_M_cgetEv
FN:1226,1226,_ZNSt8__detail21_Hashtable_ebo_helperILi0ESaINS_10_Hash_nodeIiLb0EEEELb1EE6_M_getEv
FN:124,125,_ZNKSt8__detail19_ConvertToValueTypeINS_9_IdentityEiEclIRKiEEOT_S7_
FN:1301,1301,_ZNSt8__detail15_Hash_code_baseIiiNS_9_IdentityESt4hashIiENS_18_Mod_range_hashingENS_20_Default_ranged_hashELb0EEC2Ev
FN:1306,1311,_ZNKSt8__detail15_Hash_code_baseIiiNS_9_IdentityESt4hashIiENS_18_Mod_range_hashingENS_20_Default_ranged_hashELb0EE12_M_hash_codeERKi
FN:1315,1320,_ZNKSt8__detail15_Hash_code_baseIiiNS_9_IdentityESt4hashIiENS_18_Mod_range_hashingENS_20_Default_ranged_hashELb0EE15_M_hash_code_trIiEEmRKT_
FN:1331,1332,_ZNKSt8__detail15_Hash_code_baseIiiNS_9_IdentityESt4hashIiENS_18_Mod_range_hashingENS_20_Default_ranged_hashELb0EE15_M_bucket_indexEmm
FN:1335,1343,_ZNKSt8__detail15_Hash_code_baseIiiNS_9_IdentityESt4hashIiENS_18_Mod_range_hashingENS_20_Default_ranged_hashELb0EE15_M_bucket_indexERKNS_16_Hash_node_valueIiLb0EEEm
FN:1353,1354,_ZNKSt8__detail15_Hash_code_baseIiiNS_9_IdentityESt4hashIiENS_18_Mod_range_hashingENS_20_Default_ranged_hashELb0EE13_M_store_codeERNS_21_Hash_node_code_cacheILb0EEEm
FN:1375,1375,_ZNKSt8__detail15_Hash_code_baseIiiNS_9_IdentityESt4hashIiENS_18_Mod_range_hashingENS_20_Default_ranged_hashELb0EE7_M_hashEv
FN:1683,1684,_ZNSt8__detail15_Hashtable_baseIiiNS_9_IdentityESt8equal_toIiESt4hashIiENS_18_Mod_range_hashingENS_20_Default_ranged_hashENS_17_Hashtable_traitsILb0ELb1ELb1EEEE9_S_equalsEmRKNS_21_Hash_node_code_cacheILb0EEE
FN:1701,1701,_ZNSt8__detail15_Hashtable_baseIiiNS_9_IdentityESt8equal_toIiESt4hashIiENS_18_Mod_range_hashingENS_20_Default_ranged_hashENS_17_Hashtable_traitsILb0ELb1ELb1EEEEC2Ev
FN:1708,1716,_ZNKSt8__detail15_Hashtable_baseIiiNS_9_IdentityESt8equal_toIiESt4hashIiENS_18_Mod_range_hashingENS_20_Default_ranged_hashENS_17_Hashtable_traitsILb0ELb1ELb1EEEE13_M_key_equalsERKiRKNS_16_Hash_node_valueIiLb0EEE
FN:171,173,_ZNSt8__detail12_NodeBuilderINS_9_IdentityEE8_S_buildIRKiS5_NS_10_AllocNodeISaINS_10_Hash_nodeIiLb0EEEEEEEEPNT1_11__node_typeEOT_OT0_RKSB_
FN:1720,1729,_ZNKSt8__detail15_Hashtable_baseIiiNS_9_IdentityESt8equal_toIiESt4hashIiENS_18_Mod_range_hashingENS_20_Default_ranged_hashENS_17_Hashtable_traitsILb0ELb1ELb1EEEE16_M_key_equals_trIiEEbRKT_RKNS_16_Hash_node_valueIiLb0EEE
FN:1732,1734,_ZNKSt8__detail15_Hashtable_baseIiiNS_9_IdentityESt8equal_toIiESt4hashIiENS_18_Mod_range_hashingENS_20_Default_ranged_hashENS_17_Hashtable_traitsILb0ELb1ELb1EEEE9_M_equalsERKimRKNS_16_Hash_node_valueIiLb0EEE
FN:1738,1741,_ZNKSt8__detail15_Hashtable_baseIiiNS_9_IdentityESt8equal_toIiESt4hashIiENS_18_Mod_range_hashingENS_20_Default_ranged_hashENS_17_Hashtable_traitsILb0ELb1ELb1EEEE12_M_equals_trIiEEbRKT_mRKNS_16_Hash_node_valueIiLb0EEE
FN:1760,1760,_ZNKSt8__detail15_Hashtable_baseIiiNS_9_IdentityESt8equal_toIiESt4hashIiENS_18_Mod_range_hashingENS_20_Default_ranged_hashENS_17_Hashtable_traitsILb0ELb1ELb1EEEE5_M_eqEv
FN:1940,1940,_ZNSt8__detail16_Hashtable_allocISaINS_10_Hash_nodeIiLb0EEEEEC2Ev
FN:1950,1951,_ZNSt8__detail16_Hashtable_allocISaINS_10_Hash_nodeIiLb0EEEEE17_M_node_allocatorEv
FN:1987,2005,_ZNSt8__detail16_Hashtable_allocISaINS_10_Hash_nodeIiLb0EEEEE16_M_allocate_nodeIJRKiEEEPS2_DpOT_
FN:2009,2013,_ZNSt8__detail16_Hashtable_allocISaINS_10_Hash_nodeIiLb0EEEEE18_M_deallocate_nodeEPS2_
FN:2017,2023,_ZNSt8__detail16_Hashtable_allocISaINS_10_Hash_nodeIiLb0EEEEE22_M_deallocate_node_ptrEPS2_
FN:2027,2035,_ZNSt8__detail16_Hashtable_allocISaINS_10_Hash_nodeIiLb0EEEEE19_M_deallocate_nodesEPS2_
FN:2039,2048,_ZNSt8__detail16_Hashtable_allocISaINS_10_Hash_nodeIiLb0EEEEE19_M_allocate_bucketsEm
FN:2052,2060,_ZNSt8__detail16_Hashtable_allocISaINS_10_Hash_nodeIiLb0EEEEE21_M_deallocate_bucketsEPPNS_15_Hash_node_baseEm
FN:242,243,_ZNSt8__detail10_AllocNodeISaINS_10_Hash_nodeIiLb0EEEEEC2ERNS_16_Hashtable_allocIS3_EE
FN:247,248,_ZNKSt8__detail10_AllocNodeISaINS_10_Hash_nodeIiLb0EEEEEclIJRKiEEEPS2_DpOT_
FN:297,298,_ZNSt8__detail22_Hashtable_hash_traitsISt4hashIiEE22__small_size_thresholdEv
FN:313,313,_ZNSt8__detail15_Hash_node_baseC2Ev
FN:380,381,_ZNKSt8__detail10_Hash_nodeIiLb0EE7_M_nextEv
FN:393,394,_ZNSt8__detail19_Node_iterator_baseIiLb0EEC2EPNS_10_Hash_nodeIiLb0EEE
FN:397,398,_ZNSt8__detail19_Node_iterator_baseIiLb0EE7_M_incrEv
FN:407,409,_ZNSt8__detailneERKNS_19_Node_iterator_baseIiLb0EEES3_
FN:436,437,_ZNSt8__detail14_Node_iteratorIiLb1ELb0EEC2EPNS_10_Hash_nodeIiLb0EEE
FN:448,452,_ZNSt8__detail14_Node_iteratorIiLb1ELb0EEppEv
FN:526,528,_ZNKSt8__detail18_Mod_range_hashingclEmm
FN:544,545,_ZNSt8__detail20_Prime_rehash_policyC2Ef
FN:571,572,_ZNKSt8__detail20_Prime_rehash_policy8_M_stateEv
FN:579,580,_ZNSt8__detail20_Prime_rehash_policy8_M_resetEm
FN:89,90,_ZNKSt8__detail9_IdentityclIRKiEEOT_S5_
FN:903,904,_ZNSt8__detail12_Insert_baseIiiSaIiENS_9_IdentityESt8equal_toIiESt4hashIiENS_18_Mod_range_hashingENS_20_Default_ranged_hashENS_20_Prime_rehash_policyENS_17_Hashtable_traitsILb0ELb1ELb1EEEE20_M_conjure_hashtableEv
FN:929,934,_ZNSt8__detail12_Insert_baseIiiSaIiENS_9_IdentityESt8equal_toIiESt4hashIiENS_18_Mod_range_hashingENS_20_Default_ranged_hashENS_20_Prime_rehash_policyENS_17_Hashtable_traitsILb0ELb1ELb1EEEE6insertERKi
FNDA:2,_ZNSt8__detail21_Hashtable_ebo_helperILi0ESaINS_10_Hash_nodeIiLb0EEEELb1EEC2Ev
FNDA:2,_ZNSt8__detail21_Hashtable_ebo_helperILi0ESt8equal_toIiELb1EEC2Ev
FNDA:2,_ZNSt8__detail21_Hashtable_ebo_helperILi1ESt4hashIiELb1EEC2Ev
FNDA:1,_ZNKSt8__detail21_Hashtable_ebo_helperILi0ESt8equal_toIiELb1EE7_M_cgetEv
FNDA:2,_ZNKSt8__detail21_Hashtable_ebo_helperILi1ESt4hashIiELb1EE7_M_cgetEv
FNDA:6,_ZNSt8__detail21_Hashtable_ebo_helperILi0ESaINS_10_Hash_nodeIiLb0EEEELb1EE6_M_getEv
FNDA:1,_ZNKSt8__detail19_ConvertToValueTypeINS_9_IdentityEiEclIRKiEEOT_S7_
FNDA:2,_ZNSt8__detail15_Hash_code_baseIiiNS_9_IdentityESt4hashIiENS_18_Mod_range_hashingENS_20_Default_ranged_hashELb0EEC2Ev
FNDA:1,_ZNKSt8__detail15_Hash_code_baseIiiNS_9_IdentityESt4hashIiENS_18_Mod_range_hashingENS_20_Default_ranged_hashELb0EE12_M_hash_codeERKi
FNDA:1,_ZNKSt8__detail15_Hash_code_baseIiiNS_9_IdentityESt4hashIiENS_18_Mod_range_hashingENS_20_Default_ranged_hashELb0EE15_M_hash_code_trIiEEmRKT_
FNDA:3,_ZNKSt8__detail15_Hash_code_baseIiiNS_9_IdentityESt4hashIiENS_18_Mod_range_hashingENS_20_Default_ranged_hashELb0EE15_M_bucket_indexEmm
FNDA:0,_ZNKSt8__detail15_Hash_code_baseIiiNS_9_IdentityESt4hashIiENS_18_Mod_range_hashingENS_20_Default_ranged_hashELb0EE15_M_bucket_indexERKNS_16_Hash_node_valueIiLb0EEEm
FNDA:1,_ZNKSt8__detail15_Hash_code_baseIiiNS_9_IdentityESt4hashIiENS_18_Mod_range_hashingENS_20_Default_ranged_hashELb0EE13_M_store_codeERNS_21_Hash_node_code_cacheILb0EEEm
FNDA:2,_ZNKSt8__detail15_Hash_code_baseIiiNS_9_IdentityESt4hashIiENS_18_Mod_range_hashingENS_20_Default_ranged_hashELb0EE7_M_hashEv
FNDA:1,_ZNSt8__detail15_Hashtable_baseIiiNS_9_IdentityESt8equal_toIiESt4hashIiENS_18_Mod_range_hashingENS_20_Default_ranged_hashENS_17_Hashtable_traitsILb0ELb1ELb1EEEE9_S_equalsEmRKNS_21_Hash_node_code_cacheILb0EEE
FNDA:2,_ZNSt8__detail15_Hashtable_baseIiiNS_9_IdentityESt8equal_toIiESt4hashIiENS_18_Mod_range_hashingENS_20_Default_ranged_hashENS_17_Hashtable_traitsILb0ELb1ELb1EEEEC2Ev
FNDA:1,_ZNKSt8__detail15_Hashtable_baseIiiNS_9_IdentityESt8equal_toIiESt4hashIiENS_18_Mod_range_hashingENS_20_Default_ranged_hashENS_17_Hashtable_traitsILb0ELb1ELb1EEEE13_M_key_equalsERKiRKNS_16_Hash_node_valueIiLb0EEE
FNDA:1,_ZNSt8__detail12_NodeBuilderINS_9_IdentityEE8_S_buildIRKiS5_NS_10_AllocNodeISaINS_10_Hash_nodeIiLb0EEEEEEEEPNT1_11__node_typeEOT_OT0_RKSB_
FNDA:0,_ZNKSt8__detail15_Hashtable_baseIiiNS_9_IdentityESt8equal_toIiESt4hashIiENS_18_Mod_range_hashingENS_20_Default_ranged_hashENS_17_Hashtable_traitsILb0ELb1ELb1EEEE16_M_key_equals_trIiEEbRKT_RKNS_16_Hash_node_valueIiLb0EEE
FNDA:1,_ZNKSt8__detail15_Hashtable_baseIiiNS_9_IdentityESt8equal_toIiESt4hashIiENS_18_Mod_range_hashingENS_20_Default_ranged_hashENS_17_Hashtable_traitsILb0ELb1ELb1EEEE9_M_equalsERKimRKNS_16_Hash_node_valueIiLb0EEE
FNDA:0,_ZNKSt8__detail15_Hashtable_baseIiiNS_9_IdentityESt8equal_toIiESt4hashIiENS_18_Mod_range_hashingENS_20_Default_ranged_hashENS_17_Hashtable_traitsILb0ELb1ELb1EEEE12_M_equals_trIiEEbRKT_mRKNS_16_Hash_node_valueIiLb0EEE
FNDA:1,_ZNKSt8__detail15_Hashtable_baseIiiNS_9_IdentityESt8equal_toIiESt4hashIiENS_18_Mod_range_hashingENS_20_Default_ranged_hashENS_17_Hashtable_traitsILb0ELb1ELb1EEEE5_M_eqEv
FNDA:2,_ZNSt8__detail16_Hashtable_allocISaINS_10_Hash_nodeIiLb0EEEEEC2Ev
FNDA:6,_ZNSt8__detail16_Hashtable_allocISaINS_10_Hash_nodeIiLb0EEEEE17_M_node_allocatorEv
FNDA:1,_ZNSt8__detail16_Hashtable_allocISaINS_10_Hash_nodeIiLb0EEEEE16_M_allocate_nodeIJRKiEEEPS2_DpOT_
FNDA:1,_ZNSt8__detail16_Hashtable_allocISaINS_10_Hash_nodeIiLb0EEEEE18_M_deallocate_nodeEPS2_
FNDA:1,_ZNSt8__detail16_Hashtable_allocISaINS_10_Hash_nodeIiLb0EEEEE22_M_deallocate_node_ptrEPS2_
FNDA:2,_ZNSt8__detail16_Hashtable_allocISaINS_10_Hash_nodeIiLb0EEEEE19_M_deallocate_nodesEPS2_
FNDA:1,_ZNSt8__detail16_Hashtable_allocISaINS_10_Hash_nodeIiLb0EEEEE19_M_allocate_bucketsEm
FNDA:1,_ZNSt8__detail16_Hashtable_allocISaINS_10_Hash_nodeIiLb0EEEEE21_M_deallocate_bucketsEPPNS_15_Hash_node_baseEm
FNDA:1,_ZNSt8__detail10_AllocNodeISaINS_10_Hash_nodeIiLb0EEEEEC2ERNS_16_Hashtable_allocIS3_EE
FNDA:1,_ZNKSt8__detail10_AllocNodeISaINS_10_Hash_nodeIiLb0EEEEEclIJRKiEEEPS2_DpOT_
FNDA:4,_ZNSt8__detail22_Hashtable_hash_traitsISt4hashIiEE22__small_size_thresholdEv
FNDA:3,_ZNSt8__detail15_Hash_node_baseC2Ev
FNDA:1,_ZNKSt8__detail10_Hash_nodeIiLb0EE7_M_nextEv
FNDA:9,_ZNSt8__detail19_Node_iterator_baseIiLb0EEC2EPNS_10_Hash_nodeIiLb0EEE
FNDA:0,_ZNSt8__detail19_Node_iterator_baseIiLb0EE7_M_incrEv
FNDA:4,_ZNSt8__detailneERKNS_19_Node_iterator_baseIiLb0EEES3_
FNDA:9,_ZNSt8__detail14_Node_iteratorIiLb1ELb0EEC2EPNS_10_Hash_nodeIiLb0EEE
FNDA:0,_ZNSt8__detail14_Node_iteratorIiLb1ELb0EEppEv
FNDA:3,_ZNKSt8__detail18_Mod_range_hashingclEmm
FNDA:2,_ZNSt8__detail20_Prime_rehash_policyC2Ef
FNDA:1,_ZNKSt8__detail20_Prime_rehash_policy8_M_stateEv
FNDA:0,_ZNSt8__detail20_Prime_rehash_policy8_M_resetEm
FNDA:2,_ZNKSt8__detail9_IdentityclIRKiEEOT_S5_
FNDA:1,_ZNSt8__detail12_Insert_baseIiiSaIiENS_9_IdentityESt8equal_toIiESt4hashIiENS_18_Mod_range_hashingENS_20_Default_ranged_hashENS_20_Prime_rehash_policyENS_17_Hashtable_traitsILb0ELb1ELb1EEEE20_M_conjure_hashtableEv
FNDA:1,_ZNSt8__detail12_Insert_baseIiiSaIiENS_9_IdentityESt8equal_toIiESt4hashIiENS_18_Mod_range_hashingENS_20_Default_ranged_hashENS_20_Prime_rehash_policyENS_17_Hashtable_traitsILb0ELb1ELb1EEEE6insertERKi
FNF:47
FNH:41
DA:89,2
DA:90,2
DA:124,1
DA:125,1
DA:171,1
DA:173,1
DA:242,1
DA:243,1
DA:247,1
DA:248,1
DA:297,4
DA:298,4
DA:313,3
DA:333,2
DA:338,1
DA:348,1
DA:380,1
DA:381,1
DA:393,9
DA:394,9
DA:397,0
DA:398,0
DA:407,4
DA:409,4
DA:436,9
DA:437,9
DA:448,0
DA:450,0
DA:451,0
DA:526,3
DA:528,3
DA:544,2
DA:545,2
DA:571,1
DA:572,1
DA:579,0
DA:580,0
DA:903,1
DA:904,1
DA:929,1
DA:931,1
DA:932,1
DA:933,2
DA:1218,6
DA:1225,3
DA:1226,6
DA:1301,2
DA:1306,1
DA:1310,1
DA:1315,1
DA:1319,1
DA:1331,3
DA:1332,3
DA:1335,0
DA:1341,0
DA:1342,0
DA:1353,1
DA:1354,1
DA:1375,2
DA:1683,1
DA:1684,1
DA:1701,2
DA:1708,1
DA:1715,2
DA:1720,0
DA:1728,0
DA:1732,1
DA:1734,1
DA:1738,0
DA:1741,0
DA:1760,1
DA:1940,2
DA:1950,6
DA:1951,6
DA:1987,1
DA:1990,1
DA:1991,1
DA:1994,1
DA:1995,2
DA:1998,1
DA:2000,0
DA:2002,0
DA:2003,0
DA:2009,1
DA:2011,2
DA:2012,1
DA:2013,1
DA:2017,1
DA:2020,1
DA:2021,1
DA:2022,1
DA:2023,1
DA:2027,2
DA:2029,3
DA:2031,1
DA:2032,1
DA:2033,1
DA:2035,2
DA:2039,1
DA:2042,1
DA:2044,1
DA:2045,1
DA:2046,1
DA:2047,2
DA:2052,1
DA:2057,1
DA:2058,1
DA:2060,1
LF:108
LH:91
end_of_record
TN:
SF:/usr/include/c++/13/bits/invoke.h
FN:104,117,_ZSt10__invoke_rIvRZ20handleClientPipelineiEUlvE0_JEENSt9enable_ifIX16is_invocable_r_vIT_T0_DpT1_EES3_E4typeEOS4_DpOS5_
FN:104,117,_ZSt10__invoke_rIvRZ20handleClientPipelineiEUlvE1_JEENSt9enable_ifIX16is_invocable_r_vIT_T0_DpT1_EES3_E4typeEOS4_DpOS5_
FN:104,117,_ZSt10__invoke_rIvRZ20handleClientPipelineiEUlvE2_JEENSt9enable_ifIX16is_invocable_r_vIT_T0_DpT1_EES3_E4typeEOS4_DpOS5_
FN:104,117,_ZSt10__invoke_rIvRZ20handleClientPipelineiEUlvE3_JEENSt9enable_ifIX16is_invocable_r_vIT_T0_DpT1_EES3_E4typeEOS4_DpOS5_
FN:104,117,_ZSt10__invoke_rIvRZ20handleClientPipelineiEUlvE4_JEENSt9enable_ifIX16is_invocable_r_vIT_T0_DpT1_EES3_E4typeEOS4_DpOS5_
FN:104,117,_ZSt10__invoke_rIvRZ20handleClientPipelineiEUlvE5_JEENSt9enable_ifIX16is_invocable_r_vIT_T0_DpT1_EES3_E4typeEOS4_DpOS5_
FN:104,117,_ZSt10__invoke_rIvRZ20handleClientPipelineiEUlvE6_JEENSt9enable_ifIX16is_invocable_r_vIT_T0_DpT1_EES3_E4typeEOS4_DpOS5_
FN:104,117,_ZSt10__invoke_rIvRZ20handleClientPipelineiEUlvE_JEENSt9enable_ifIX16is_invocable_r_vIT_T0_DpT1_EES3_E4typeEOS4_DpOS5_
FN:104,117,_ZSt10__invoke_rIvRZ7boruvkaRKSt6vectorISt5tupleIJiiiiEESaIS2_EEiEUliiE_JiiEENSt9enable_ifIX16is_invocable_r_vIT_T0_DpT1_EESA_E4typeEOSB_DpOSC_
FN:60,61,_ZSt13__invoke_implIvRZ20handleClientPipelineiEUlvE0_JEET_St14__invoke_otherOT0_DpOT1_
FN:60,61,_ZSt13__invoke_implIvRZ20handleClientPipelineiEUlvE1_JEET_St14__invoke_otherOT0_DpOT1_
FN:60,61,_ZSt13__invoke_implIvRZ20handleClientPipelineiEUlvE2_JEET_St14__invoke_otherOT0_DpOT1_
FN:60,61,_ZSt13__invoke_implIvRZ20handleClientPipelineiEUlvE3_JEET_St14__invoke_otherOT0_DpOT1_
FN:60,61,_ZSt13__invoke_implIvRZ20handleClientPipelineiEUlvE4_JEET_St14__invoke_otherOT0_DpOT1_
FN:60,61,_ZSt13__invoke_implIvRZ20handleClientPipelineiEUlvE5_JEET_St14__invoke_otherOT0_DpOT1_
FN:60,61,_ZSt13__invoke_implIvRZ20handleClientPipelineiEUlvE6_JEET_St14__invoke_otherOT0_DpOT1_
FN:60,61,_ZSt13__invoke_implIvRZ20handleClientPipelineiEUlvE_JEET_St14__invoke_otherOT0_DpOT1_
FN:60,61,_ZSt13__invoke_implIvRZ7boruvkaRKSt6vectorISt5tupleIJiiiiEESaIS2_EEiEUliiE_JiiEET_St14__invoke_otherOT0_DpOT1_
FN:60,61,_ZSt13__invoke_implIvZN12ActiveObjectC4EvEUlvE_JEET_St14__invoke_otherOT0_DpOT1_
FN:90,98,_ZSt8__invokeIZN12ActiveObjectC4EvEUlvE_JEENSt15__invoke_resultIT_JDpT0_EE4typeEOS3_DpOS4_
FNDA:1,_ZSt10__invoke_rIvRZ20handleClientPipelineiEUlvE0_JEENSt9enable_ifIX16is_invocable_r_vIT_T0_DpT1_EES3_E4typeEOS4_DpOS5_
FNDA:1,_ZSt10__invoke_rIvRZ20handleClientPipelineiEUlvE1_JEENSt9enable_ifIX16is_invocable_r_vIT_T0_DpT1_EES3_E4typeEOS4_DpOS5_
FNDA:2,_ZSt10__invoke_rIvRZ20handleClientPipelineiEUlvE2_JEENSt9enable_ifIX16is_invocable_r_vIT_T0_DpT1_EES3_E4typeEOS4_DpOS5_
FNDA:1,_ZSt10__invoke_rIvRZ20handleClientPipelineiEUlvE3_JEENSt9enable_ifIX16is_invocable_r_vIT_T0_DpT1_EES3_E4typeEOS4_DpOS5_
FNDA:1,_ZSt10__invoke_rIvRZ20handleClientPipelineiEUlvE4_JEENSt9enable_ifIX16is_invocable_r_vIT_T0_DpT1_EES3_E4typeEOS4_DpOS5_
FNDA:1,_ZSt10__invoke_rIvRZ20handleClientPipelineiEUlvE5_JEENSt9enable_ifIX16is_invocable_r_vIT_T0_DpT1_EES3_E4typeEOS4_DpOS5_
FNDA:1,_ZSt10__invoke_rIvRZ20handleClientPipelineiEUlvE6_JEENSt9enable_ifIX16is_invocable_r_vIT_T0_DpT1_EES3_E4typeEOS4_DpOS5_
FNDA:1,_ZSt10__invoke_rIvRZ20handleClientPipelineiEUlvE_JEENSt9enable_ifIX16is_invocable_r_vIT_T0_DpT1_EES3_E4typeEOS4_DpOS5_
FNDA:4,_ZSt10__invoke_rIvRZ7boruvkaRKSt6vectorISt5tupleIJiiiiEESaIS2_EEiEUliiE_JiiEENSt9enable_ifIX16is_invocable_r_vIT_T0_DpT1_EESA_E4typeEOSB_DpOSC_
FNDA:1,_ZSt13__invoke_implIvRZ20handleClientPipelineiEUlvE0_JEET_St14__invoke_otherOT0_DpOT1_
FNDA:1,_ZSt13__invoke_implIvRZ20handleClientPipelineiEUlvE1_JEET_St14__invoke_otherOT0_DpOT1_
FNDA:2,_ZSt13__invoke_implIvRZ20handleClientPipelineiEUlvE2_JEET_St14__invoke_otherOT0_DpOT1_
FNDA:1,_ZSt13__invoke_implIvRZ20handleClientPipelineiEUlvE3_JEET_St14__invoke_otherOT0_DpOT1_
FNDA:1,_ZSt13__invoke_implIvRZ20handleClientPipelineiEUlvE4_JEET_St14__invoke_otherOT0_DpOT1_
FNDA:1,_ZSt13__invoke_implIvRZ20handleClientPipelineiEUlvE5_JEET_St14__invoke_otherOT0_DpOT1_
FNDA:1,_ZSt13__invoke_implIvRZ20handleClientPipelineiEUlvE6_JEET_St14__invoke_otherOT0_DpOT1_
FNDA:1,_ZSt13__invoke_implIvRZ20handleClientPipelineiEUlvE_JEET_St14__invoke_otherOT0_DpOT1_
FNDA:4,_ZSt13__invoke_implIvRZ7boruvkaRKSt6vectorISt5tupleIJiiiiEESaIS2_EEiEUliiE_JiiEET_St14__invoke_otherOT0_DpOT1_
FNDA:3,_ZSt13__invoke_implIvZN12ActiveObjectC4EvEUlvE_JEET_St14__invoke_otherOT0_DpOT1_
FNDA:3,_ZSt8__invokeIZN12ActiveObjectC4EvEUlvE_JEENSt15__invoke_resultIT_JDpT0_EE4typeEOS3_DpOS4_
FNF:20
FNH:20
DA:60,16
DA:61,16
DA:90,3
DA:96,3
DA:97,3
DA:104,13
DA:111,13
DA:117,13
LF:8
LH:8
end_of_record
TN:
SF:/usr/include/c++/13/bits/move.h
FN:138,139,_ZSt9addressofINSt8__detail10_Hash_nodeIiLb0EEEEPT_RS3_
FN:138,139,_ZSt9addressofIPNSt8__detail15_Hash_node_baseEEPT_RS3_
FN:189,200,_ZSt4swapINSt6thread2idEENSt9enable_ifIXsrSt6__and_IJSt6__not_ISt15__is_tuple_likeIT_EESt21is_move_constructibleIS6_ESt18is_move_assignableIS6_EEE5valueEvE4typeERS6_SG_
FN:189,200,_ZSt4swapIPFbRSt9_Any_dataRKS0_St18_Manager_operationEENSt9enable_ifIXsrSt6__and_IJSt6__not_ISt15__is_tuple_likeIT_EESt21is_move_constructibleISB_ESt18is_move_assignableISB_EEE5valueEvE4typeERSB_SL_
FN:189,200,_ZSt4swapIPFvRKSt9_Any_dataEENSt9enable_ifIXsrSt6__and_IJSt6__not_ISt15__is_tuple_likeIT_EESt21is_move_constructibleIS9_ESt18is_move_assignableIS9_EEE5valueEvE4typeERS9_SJ_
FN:189,200,_ZSt4swapISt9_Any_dataENSt9enable_ifIXsrSt6__and_IJSt6__not_ISt15__is_tuple_likeIT_EESt21is_move_constructibleIS5_ESt18is_move_assignableIS5_EEE5valueEvE4typeERS5_SF_
FN:51,52,_ZSt11__addressofI4EdgeEPT_RS1_
FN:51,52,_ZSt11__addressofIKSt6vectorIiSaIiEEEPT_RS4_
FN:51,52,_ZSt11__addressofIKZ20handleClientPipelineiEUlvE2_EPT_RS2_
FN:51,52,_ZSt11__addressofIKZ20handleClientPipelineiEUlvE3_EPT_RS2_
FN:51,52,_ZSt11__addressofIKZ20handleClientPipelineiEUlvE6_EPT_RS2_
FN:51,52,_ZSt11__addressofINSt8__detail10_Hash_nodeIiLb0EEEEPT_RS3_
FN:51,52,_ZSt11__addressofIPNSt8__detail15_Hash_node_baseEEPT_RS3_
FN:51,52,_ZSt11__addressofISt5mutexEPT_RS1_
FN:51,52,_ZSt11__addressofISt5tupleIJiiiiEEEPT_RS2_
FN:51,52,_ZSt11__addressofISt6vectorI4EdgeSaIS1_EEEPT_RS4_
FN:51,52,_ZSt11__addressofISt6vectorIiSaIiEEEPT_RS3_
FN:51,52,_ZSt11__addressofISt8functionIFvvEEEPT_RS3_
FN:51,52,_ZSt11__addressofImEPT_RS0_
FN:70,71,_ZSt7forwardI4EdgeEOT_RNSt16remove_referenceIS1_E4typeE
FN:70,71,_ZSt7forwardINSt8__detail14_Node_iteratorIiLb1ELb0EEEEOT_RNSt16remove_referenceIS3_E4typeE
FN:70,71,_ZSt7forwardIRKSt5tupleIJiiiiEEEOT_RNSt16remove_referenceIS4_E4typeE
FN:70,71,_ZSt7forwardIRKSt6vectorIiSaIiEEEOT_RNSt16remove_referenceIS5_E4typeE
FN:70,71,_ZSt7forwardIRKSt8functionIFvvEEEOT_RNSt16remove_referenceIS5_E4typeE
FN:70,71,_ZSt7forwardIRKZ20handleClientPipelineiEUlvE0_EOT_RNSt16remove_referenceIS3_E4typeE
FN:70,71,_ZSt7forwardIRKZ20handleClientPipelineiEUlvE1_EOT_RNSt16remove_referenceIS3_E4typeE
FN:70,71,_ZSt7forwardIRKZ20handleClientPipelineiEUlvE2_EOT_RNSt16remove_referenceIS3_E4typeE
FN:70,71,_ZSt7forwardIRKZ20handleClientPipelineiEUlvE3_EOT_RNSt16remove_referenceIS3_E4typeE
FN:70,71,_ZSt7forwardIRKZ20handleClientPipelineiEUlvE4_EOT_RNSt16remove_referenceIS3_E4typeE
FN:70,71,_ZSt7forwardIRKZ20handleClientPipelineiEUlvE5_EOT_RNSt16remove_referenceIS3_E4typeE
FN:70,71,_ZSt7forwardIRKZ20handleClientPipelineiEUlvE6_EOT_RNSt16remove_referenceIS3_E4typeE
FN:70,71,_ZSt7forwardIRKZ20handleClientPipelineiEUlvE_EOT_RNSt16remove_referenceIS3_E4typeE
FN:70,71,_ZSt7forwardIRKZ7boruvkaRKSt6vectorISt5tupleIJiiiiEESaIS2_EEiEUliiE_EOT_RNSt16remove_referenceISA_E4typeE
FN:70,71,_ZSt7forwardIRKiEOT_RNSt16remove_referenceIS2_E4typeE
FN:70,71,_ZSt7forwardIRNSt8__detail14_Node_iteratorIiLb1ELb0EEEEOT_RNSt16remove_referenceIS4_E4typeE
FN:70,71,_ZSt7forwardIRPSt13_Rb_tree_nodeI4EdgeEEOT_RNSt16remove_referenceIS5_E4typeE
FN:70,71,_ZSt7forwardIRPSt18_Rb_tree_node_baseEOT_RNSt16remove_referenceIS3_E4typeE
FN:70,71,_ZSt7forwardIRSt17_Rb_tree_iteratorI4EdgeEEOT_RNSt16remove_referenceIS4_E4typeE
FN:70,71,_ZSt7forwardIRZ20handleClientPipelineiEUlvE0_EOT_RNSt16remove_referenceIS2_E4typeE
FN:70,71,_ZSt7forwardIRZ20handleClientPipelineiEUlvE1_EOT_RNSt16remove_referenceIS2_E4typeE
FN:70,71,_ZSt7forwardIRZ20handleClientPipelineiEUlvE2_EOT_RNSt16remove_referenceIS2_E4typeE
FN:70,71,_ZSt7forwardIRZ20handleClientPipelineiEUlvE3_EOT_RNSt16remove_referenceIS2_E4typeE
FN:70,71,_ZSt7forwardIRZ20handleClientPipelineiEUlvE4_EOT_RNSt16remove_referenceIS2_E4typeE
FN:70,71,_ZSt7forwardIRZ20handleClientPipelineiEUlvE5_EOT_RNSt16remove_referenceIS2_E4typeE
FN:70,71,_ZSt7forwardIRZ20handleClientPipelineiEUlvE6_EOT_RNSt16remove_referenceIS2_E4typeE
FN:70,71,_ZSt7forwardIRZ20handleClientPipelineiEUlvE_EOT_RNSt16remove_referenceIS2_E4typeE
FN:70,71,_ZSt7forwardIRZ7boruvkaRKSt6vectorISt5tupleIJiiiiEESaIS2_EEiEUliiE_EOT_RNSt16remove_referenceIS9_E4typeE
FN:70,71,_ZSt7forwardIRbEOT_RNSt16remove_referenceIS1_E4typeE
FN:70,71,_ZSt7forwardIRiEOT_RNSt16remove_referenceIS1_E4typeE
FN:70,71,_ZSt7forwardISt17_Rb_tree_iteratorI4EdgeEEOT_RNSt16remove_referenceIS3_E4typeE
FN:70,71,_ZSt7forwardISt5tupleIJiiiiEEEOT_RNSt16remove_referenceIS2_E4typeE
FN:70,71,_ZSt7forwardISt6vectorIiSaIiEEEOT_RNSt16remove_referenceIS3_E4typeE
FN:70,71,_ZSt7forwardIZ20handleClientPipelineiEUlvE0_EOT_RNSt16remove_referenceIS1_E4typeE
FN:70,71,_ZSt7forwardIZ20handleClientPipelineiEUlvE1_EOT_RNSt16remove_referenceIS1_E4typeE
FN:70,71,_ZSt7forwardIZ20handleClientPipelineiEUlvE2_EOT_RNSt16remove_referenceIS1_E4typeE
FN:70,71,_ZSt7forwardIZ20handleClientPipelineiEUlvE3_EOT_RNSt16remove_referenceIS1_E4typeE
FN:70,71,_ZSt7forwardIZ20handleClientPipelineiEUlvE4_EOT_RNSt16remove_referenceIS1_E4typeE
FN:70,71,_ZSt7forwardIZ20handleClientPipelineiEUlvE5_EOT_RNSt16remove_referenceIS1_E4typeE
FN:70,71,_ZSt7forwardIZ20handleClientPipelineiEUlvE6_EOT_RNSt16remove_referenceIS1_E4typeE
FN:70,71,_ZSt7forwardIZ20handleClientPipelineiEUlvE_EOT_RNSt16remove_referenceIS1_E4typeE
FN:70,71,_ZSt7forwardIZ7boruvkaRKSt6vectorISt5tupleIJiiiiEESaIS2_EEiEUliiE_EOT_RNSt16remove_referenceIS8_E4typeE
FN:70,71,_ZSt7forwardIZN12ActiveObjectC4EvEUlvE_EOT_RNSt16remove_referenceIS2_E4typeE
FN:70,71,_ZSt7forwardIbEOT_RNSt16remove_referenceIS0_E4typeE
FN:70,71,_ZSt7forwardIiEOT_RNSt16remove_referenceIS0_E4typeE
FN:70,71,_ZSt7forwardImEOT_RNSt16remove_referenceIS0_E4typeE
FN:97,98,_ZSt4moveIR4EdgeEONSt16remove_referenceIT_E4typeEOS3_
FN:97,98,_ZSt4moveIRNSt12_Vector_baseIiSaIiEE12_Vector_implEEONSt16remove_referenceIT_E4typeEOS6_
FN:97,98,_ZSt4moveIRNSt6thread2idEEONSt16remove_referenceIT_E4typeEOS4_
FN:97,98,_ZSt4moveIRNSt7__cxx1112basic_stringIcSt11char_traitsIcESaIcEEEEONSt16remove_referenceIT_E4typeEOS8_
FN:97,98,_ZSt4moveIRPFbRSt9_Any_dataRKS0_St18_Manager_operationEEONSt16remove_referenceIT_E4typeEOS9_
FN:97,98,_ZSt4moveIRPFvRKSt9_Any_dataEEONSt16remove_referenceIT_E4typeEOS7_
FN:97,98,_ZSt4moveIRPNSt6thread6_StateEEONSt16remove_referenceIT_E4typeEOS5_
FN:97,98,_ZSt4moveIRPSt6vectorIiSaIiEEEONSt16remove_referenceIT_E4typeEOS6_
FN:97,98,_ZSt4moveIRSaISt5tupleIJiiiiEEEEONSt16remove_referenceIT_E4typeEOS5_
FN:97,98,_ZSt4moveIRSaISt6vectorIiSaIiEEEEONSt16remove_referenceIT_E4typeEOS6_
FN:97,98,_ZSt4moveIRSaIcEEONSt16remove_referenceIT_E4typeEOS3_
FN:97,98,_ZSt4moveIRSaIiEEONSt16remove_referenceIT_E4typeEOS3_
FN:97,98,_ZSt4moveIRSt5tupleIJZN12ActiveObjectC4EvEUlvE_EEEONSt16remove_referenceIT_E4typeEOS6_
FN:97,98,_ZSt4moveIRSt5tupleIJiiiiEEEONSt16remove_referenceIT_E4typeEOS4_
FN:97,98,_ZSt4moveIRSt6vectorIS0_IiSaIiEESaIS2_EEEONSt16remove_referenceIT_E4typeEOS7_
FN:97,98,_ZSt4moveIRSt6vectorISt5tupleIJiiiiEESaIS2_EEEONSt16remove_referenceIT_E4typeEOS7_
FN:97,98,_ZSt4moveIRSt6vectorIiSaIiEEEONSt16remove_referenceIT_E4typeEOS5_
FN:97,98,_ZSt4moveIRSt8functionIFvvEEEONSt16remove_referenceIT_E4typeEOS5_
FN:97,98,_ZSt4moveIRSt9_Any_dataEONSt16remove_referenceIT_E4typeEOS3_
FNDA:1,_ZSt9addressofINSt8__detail10_Hash_nodeIiLb0EEEEPT_RS3_
FNDA:1,_ZSt9addressofIPNSt8__detail15_Hash_node_baseEEPT_RS3_
FNDA:3,_ZSt4swapINSt6thread2idEENSt9enable_ifIXsrSt6__and_IJSt6__not_ISt15__is_tuple_likeIT_EESt21is_move_constructibleIS6_ESt18is_move_assignableIS6_EEE5valueEvE4typeERS6_SG_
FNDA:9,_ZSt4swapIPFbRSt9_Any_dataRKS0_St18_Manager_operationEENSt9enable_ifIXsrSt6__and_IJSt6__not_ISt15__is_tuple_likeIT_EESt21is_move_constructibleISB_ESt18is_move_assignableISB_EEE5valueEvE4typeERSB_SL_
FNDA:9,_ZSt4swapIPFvRKSt9_Any_dataEENSt9enable_ifIXsrSt6__and_IJSt6__not_ISt15__is_tuple_likeIT_EESt21is_move_constructibleIS9_ESt18is_move_assignableIS9_EEE5valueEvE4typeERS9_SJ_
FNDA:9,_ZSt4swapISt9_Any_dataENSt9enable_ifIXsrSt6__and_IJSt6__not_ISt15__is_tuple_likeIT_EESt21is_move_constructibleIS5_ESt18is_move_assignableIS5_EEE5valueEvE4typeERS5_SF_
FNDA:2,_ZSt11__addressofI4EdgeEPT_RS1_
FNDA:0,_ZSt11__addressofIKSt6vectorIiSaIiEEEPT_RS4_
FNDA:4,_ZSt11__addressofIKZ20handleClientPipelineiEUlvE2_EPT_RS2_
FNDA:2,_ZSt11__addressofIKZ20handleClientPipelineiEUlvE3_EPT_RS2_
FNDA:2,_ZSt11__addressofIKZ20handleClientPipelineiEUlvE6_EPT_RS2_
FNDA:1,_ZSt11__addressofINSt8__detail10_Hash_nodeIiLb0EEEEPT_RS3_
FNDA:1,_ZSt11__addressofIPNSt8__detail15_Hash_node_baseEEPT_RS3_
FNDA:24,_ZSt11__addressofISt5mutexEPT_RS1_
FNDA:0,_ZSt11__addressofISt5tupleIJiiiiEEEPT_RS2_
FNDA:4,_ZSt11__addressofISt6vectorI4EdgeSaIS1_EEEPT_RS4_
FNDA:30,_ZSt11__addressofISt6vectorIiSaIiEEEPT_RS3_
FNDA:0,_ZSt11__addressofISt8functionIFvvEEEPT_RS3_
FNDA:3,_ZSt11__addressofImEPT_RS0_
FNDA:22,_ZSt7forwardI4EdgeEOT_RNSt16remove_referenceIS1_E4typeE
FNDA:0,_ZSt7forwardINSt8__detail14_Node_iteratorIiLb1ELb0EEEEOT_RNSt16remove_referenceIS3_E4typeE
FNDA:0,_ZSt7forwardIRKSt5tupleIJiiiiEEEOT_RNSt16remove_referenceIS4_E4typeE
FNDA:13,_ZSt7forwardIRKSt6vectorIiSaIiEEEOT_RNSt16remove_referenceIS5_E4typeE
FNDA:18,_ZSt7forwardIRKSt8functionIFvvEEEOT_RNSt16remove_referenceIS5_E4typeE
FNDA:2,_ZSt7forwardIRKZ20handleClientPipelineiEUlvE0_EOT_RNSt16remove_referenceIS3_E4typeE
FNDA:2,_ZSt7forwardIRKZ20handleClientPipelineiEUlvE1_EOT_RNSt16remove_referenceIS3_E4typeE
FNDA:4,_ZSt7forwardIRKZ20handleClientPipelineiEUlvE2_EOT_RNSt16remove_referenceIS3_E4typeE
FNDA:2,_ZSt7forwardIRKZ20handleClientPipelineiEUlvE3_EOT_RNSt16remove_referenceIS3_E4typeE
FNDA:2,_ZSt7forwardIRKZ20handleClientPipelineiEUlvE4_EOT_RNSt16remove_referenceIS3_E4typeE
FNDA:2,_ZSt7forwardIRKZ20handleClientPipelineiEUlvE5_EOT_RNSt16remove_referenceIS3_E4typeE
FNDA:2,_ZSt7forwardIRKZ20handleClientPipelineiEUlvE6_EOT_RNSt16remove_referenceIS3_E4typeE
FNDA:2,_ZSt7forwardIRKZ20handleClientPipelineiEUlvE_EOT_RNSt16remove_referenceIS3_E4typeE
FNDA:0,_ZSt7forwardIRKZ7boruvkaRKSt6vectorISt5tupleIJiiiiEESaIS2_EEiEUliiE_EOT_RNSt16remove_referenceISA_E4typeE
FNDA:27,_ZSt7forwardIRKiEOT_RNSt16remove_referenceIS2_E4typeE
FNDA:1,_ZSt7forwardIRNSt8__detail14_Node_iteratorIiLb1ELb0EEEEOT_RNSt16remove_referenceIS4_E4typeE
FNDA:2,_ZSt7forwardIRPSt13_Rb_tree_nodeI4EdgeEEOT_RNSt16remove_referenceIS5_E4typeE
FNDA:2,_ZSt7forwardIRPSt18_Rb_tree_node_baseEOT_RNSt16remove_referenceIS3_E4typeE
FNDA:2,_ZSt7forwardIRSt17_Rb_tree_iteratorI4EdgeEEOT_RNSt16remove_referenceIS4_E4typeE
FNDA:2,_ZSt7forwardIRZ20handleClientPipelineiEUlvE0_EOT_RNSt16remove_referenceIS2_E4typeE
FNDA:2,_ZSt7forwardIRZ20handleClientPipelineiEUlvE1_EOT_RNSt16remove_referenceIS2_E4typeE
FNDA:4,_ZSt7forwardIRZ20handleClientPipelineiEUlvE2_EOT_RNSt16remove_referenceIS2_E4typeE
FNDA:2,_ZSt7forwardIRZ20handleClientPipelineiEUlvE3_EOT_RNSt16remove_referenceIS2_E4typeE
FNDA:2,_ZSt7forwardIRZ20handleClientPipelineiEUlvE4_EOT_RNSt16remove_referenceIS2_E4typeE
FNDA:2,_ZSt7forwardIRZ20handleClientPipelineiEUlvE5_EOT_RNSt16remove_referenceIS2_E4typeE
FNDA:2,_ZSt7forwardIRZ20handleClientPipelineiEUlvE6_EOT_RNSt16remove_referenceIS2_E4typeE
FNDA:2,_ZSt7forwardIRZ20handleClientPipelineiEUlvE_EOT_RNSt16remove_referenceIS2_E4typeE
FNDA:8,_ZSt7forwardIRZ7boruvkaRKSt6vectorISt5tupleIJiiiiEESaIS2_EEiEUliiE_EOT_RNSt16remove_referenceIS9_E4typeE
FNDA:2,_ZSt7forwardIRbEOT_RNSt16remove_referenceIS1_E4typeE
FNDA:116,_ZSt7forwardIRiEOT_RNSt16remove_referenceIS1_E4typeE
FNDA:4,_ZSt7forwardISt17_Rb_tree_iteratorI4EdgeEEOT_RNSt16remove_referenceIS3_E4typeE
FNDA:0,_ZSt7forwardISt5tupleIJiiiiEEEOT_RNSt16remove_referenceIS2_E4typeE
FNDA:0,_ZSt7forwardISt6vectorIiSaIiEEEOT_RNSt16remove_referenceIS3_E4typeE
FNDA:3,_ZSt7forwardIZ20handleClientPipelineiEUlvE0_EOT_RNSt16remove_referenceIS1_E4typeE
FNDA:3,_ZSt7forwardIZ20handleClientPipelineiEUlvE1_EOT_RNSt16remove_referenceIS1_E4typeE
FNDA:6,_ZSt7forwardIZ20handleClientPipelineiEUlvE2_EOT_RNSt16remove_referenceIS1_E4typeE
FNDA:3,_ZSt7forwardIZ20handleClientPipelineiEUlvE3_EOT_RNSt16remove_referenceIS1_E4typeE
FNDA:3,_ZSt7forwardIZ20handleClientPipelineiEUlvE4_EOT_RNSt16remove_referenceIS1_E4typeE
FNDA:3,_ZSt7forwardIZ20handleClientPipelineiEUlvE5_EOT_RNSt16remove_referenceIS1_E4typeE
FNDA:3,_ZSt7forwardIZ20handleClientPipelineiEUlvE6_EOT_RNSt16remove_referenceIS1_E4typeE
FNDA:3,_ZSt7forwardIZ20handleClientPipelineiEUlvE_EOT_RNSt16remove_referenceIS1_E4typeE
FNDA:6,_ZSt7forwardIZ7boruvkaRKSt6vectorISt5tupleIJiiiiEESaIS2_EEiEUliiE_EOT_RNSt16remove_referenceIS8_E4typeE
FNDA:27,_ZSt7forwardIZN12ActiveObjectC4EvEUlvE_EOT_RNSt16remove_referenceIS2_E4typeE
FNDA:3,_ZSt7forwardIbEOT_RNSt16remove_referenceIS0_E4typeE
FNDA:32,_ZSt7forwardIiEOT_RNSt16remove_referenceIS0_E4typeE
FNDA:20,_ZSt7forwardImEOT_RNSt16remove_referenceIS0_E4typeE
FNDA:4,_ZSt4moveIR4EdgeEONSt16remove_referenceIT_E4typeEOS3_
FNDA:0,_ZSt4moveIRNSt12_Vector_baseIiSaIiEE12_Vector_implEEONSt16remove_referenceIT_E4typeEOS6_
FNDA:9,_ZSt4moveIRNSt6thread2idEEONSt16remove_referenceIT_E4typeEOS4_
FNDA:34,_ZSt4moveIRNSt7__cxx1112basic_stringIcSt11char_traitsIcESaIcEEEEONSt16remove_referenceIT_E4typeEOS8_
FNDA:27,_ZSt4moveIRPFbRSt9_Any_dataRKS0_St18_Manager_operationEEONSt16remove_referenceIT_E4typeEOS9_
FNDA:27,_ZSt4moveIRPFvRKSt9_Any_dataEEONSt16remove_referenceIT_E4typeEOS7_
FNDA:0,_ZSt4moveIRPNSt6thread6_StateEEONSt16remove_referenceIT_E4typeEOS5_
FNDA:8,_ZSt4moveIRPSt6vectorIiSaIiEEEONSt16remove_referenceIT_E4typeEOS6_
FNDA:4,_ZSt4moveIRSaISt5tupleIJiiiiEEEEONSt16remove_referenceIT_E4typeEOS5_
FNDA:4,_ZSt4moveIRSaISt6vectorIiSaIiEEEEONSt16remove_referenceIT_E4typeEOS6_
FNDA:0,_ZSt4moveIRSaIcEEONSt16remove_referenceIT_E4typeEOS3_
FNDA:0,_ZSt4moveIRSaIiEEONSt16remove_referenceIT_E4typeEOS3_
FNDA:3,_ZSt4moveIRSt5tupleIJZN12ActiveObjectC4EvEUlvE_EEEONSt16remove_referenceIT_E4typeEOS6_
FNDA:0,_ZSt4moveIRSt5tupleIJiiiiEEEONSt16remove_referenceIT_E4typeEOS4_
FNDA:4,_ZSt4moveIRSt6vectorIS0_IiSaIiEESaIS2_EEEONSt16remove_referenceIT_E4typeEOS7_
FNDA:4,_ZSt4moveIRSt6vectorISt5tupleIJiiiiEESaIS2_EEEONSt16remove_referenceIT_E4typeEOS7_
FNDA:0,_ZSt4moveIRSt6vectorIiSaIiEEEONSt16remove_referenceIT_E4typeEOS5_
FNDA:18,_ZSt4moveIRSt8functionIFvvEEEONSt16remove_referenceIT_E4typeEOS5_
FNDA:27,_ZSt4moveIRSt9_Any_dataEONSt16remove_referenceIT_E4typeEOS3_
FNF:84
FNH:70
DA:51,73
DA:52,73
DA:70,368
DA:71,368
DA:97,173
DA:98,173
DA:138,2
DA:139,2
DA:189,30
DA:197,30
DA:198,30
DA:199,30
DA:200,30
LF:13
LH:13
end_of_record
TN:
SF:/usr/include/c++/13/bits/new_allocator.h
FN:104,104,_ZNSt15__new_allocatorI4EdgeED2Ev
FN:104,104,_ZNSt15__new_allocatorINSt8__detail10_Hash_nodeIiLb0EEEED2Ev
FN:104,104,_ZNSt15__new_allocatorIPNSt8__detail15_Hash_node_baseEED2Ev
FN:104,104,_ZNSt15__new_allocatorIPSt8functionIFvvEEED2Ev
FN:104,104,_ZNSt15__new_allocatorIPiED2Ev
FN:104,104,_ZNSt15__new_allocatorISt13_Rb_tree_nodeI4EdgeEED2Ev
FN:104,104,_ZNSt15__new_allocatorISt5tupleIJiiiiEEED2Ev
FN:104,104,_ZNSt15__new_allocatorISt6vectorI4EdgeSaIS1_EEED2Ev
FN:104,104,_ZNSt15__new_allocatorISt6vectorIiSaIiEEED2Ev
FN:104,104,_ZNSt15__new_allocatorISt8functionIFvvEEED2Ev
FN:104,104,_ZNSt15__new_allocatorIbED2Ev
FN:104,104,_ZNSt15__new_allocatorIcED2Ev
FN:104,104,_ZNSt15__new_allocatorIiED2Ev
FN:104,104,_ZNSt15__new_allocatorImED2Ev
FN:126,152,_ZNSt15__new_allocatorI4EdgeE8allocateEmPKv
FN:126,152,_ZNSt15__new_allocatorINSt8__detail10_Hash_nodeIiLb0EEEE8allocateEmPKv
FN:126,152,_ZNSt15__new_allocatorIPNSt8__detail15_Hash_node_baseEE8allocateEmPKv
FN:126,152,_ZNSt15__new_allocatorIPSt8functionIFvvEEE8allocateEmPKv
FN:126,152,_ZNSt15__new_allocatorIPiE8allocateEmPKv
FN:126,152,_ZNSt15__new_allocatorISt13_Rb_tree_nodeI4EdgeEE8allocateEmPKv
FN:126,152,_ZNSt15__new_allocatorISt5tupleIJiiiiEEE8allocateEmPKv
FN:126,152,_ZNSt15__new_allocatorISt6vectorI4EdgeSaIS1_EEE8allocateEmPKv
FN:126,152,_ZNSt15__new_allocatorISt6vectorIiSaIiEEE8allocateEmPKv
FN:126,152,_ZNSt15__new_allocatorISt8functionIFvvEEE8allocateEmPKv
FN:126,152,_ZNSt15__new_allocatorIiE8allocateEmPKv
FN:126,152,_ZNSt15__new_allocatorImE8allocateEmPKv
FN:156,173,_ZNSt15__new_allocatorI4EdgeE10deallocateEPS0_m
FN:156,173,_ZNSt15__new_allocatorINSt8__detail10_Hash_nodeIiLb0EEEE10deallocateEPS2_m
FN:156,173,_ZNSt15__new_allocatorIPNSt8__detail15_Hash_node_baseEE10deallocateEPS2_m
FN:156,173,_ZNSt15__new_allocatorIPSt8functionIFvvEEE10deallocateEPS3_m
FN:156,173,_ZNSt15__new_allocatorIPiE10deallocateEPS0_m
FN:156,173,_ZNSt15__new_allocatorISt13_Rb_tree_nodeI4EdgeEE10deallocateEPS2_m
FN:156,173,_ZNSt15__new_allocatorISt5tupleIJiiiiEEE10deallocateEPS1_m
FN:156,173,_ZNSt15__new_allocatorISt6vectorI4EdgeSaIS1_EEE10deallocateEPS3_m
FN:156,173,_ZNSt15__new_allocatorISt6vectorIiSaIiEEE10deallocateEPS2_m
FN:156,173,_ZNSt15__new_allocatorISt8functionIFvvEEE10deallocateEPS2_m
FN:156,173,_ZNSt15__new_allocatorIiE10deallocateEPim
FN:156,173,_ZNSt15__new_allocatorImE10deallocateEPmm
FNDA:5,_ZNSt15__new_allocatorI4EdgeED2Ev
FNDA:2,_ZNSt15__new_allocatorINSt8__detail10_Hash_nodeIiLb0EEEED2Ev
FNDA:2,_ZNSt15__new_allocatorIPNSt8__detail15_Hash_node_baseEED2Ev
FNDA:6,_ZNSt15__new_allocatorIPSt8functionIFvvEEED2Ev
FNDA:4,_ZNSt15__new_allocatorIPiED2Ev
FNDA:1,_ZNSt15__new_allocatorISt13_Rb_tree_nodeI4EdgeEED2Ev
FNDA:15,_ZNSt15__new_allocatorISt5tupleIJiiiiEEED2Ev
FNDA:3,_ZNSt15__new_allocatorISt6vectorI4EdgeSaIS1_EEED2Ev
FNDA:28,_ZNSt15__new_allocatorISt6vectorIiSaIiEEED2Ev
FNDA:3,_ZNSt15__new_allocatorISt8functionIFvvEEED2Ev
FNDA:1,_ZNSt15__new_allocatorIbED2Ev
FNDA:58,_ZNSt15__new_allocatorIcED2Ev
FNDA:51,_ZNSt15__new_allocatorIiED2Ev
FNDA:2,_ZNSt15__new_allocatorImED2Ev
FNDA:3,_ZNSt15__new_allocatorI4EdgeE8allocateEmPKv
FNDA:1,_ZNSt15__new_allocatorINSt8__detail10_Hash_nodeIiLb0EEEE8allocateEmPKv
FNDA:1,_ZNSt15__new_allocatorIPNSt8__detail15_Hash_node_baseEE8allocateEmPKv
FNDA:3,_ZNSt15__new_allocatorIPSt8functionIFvvEEE8allocateEmPKv
FNDA:2,_ZNSt15__new_allocatorIPiE8allocateEmPKv
FNDA:2,_ZNSt15__new_allocatorISt13_Rb_tree_nodeI4EdgeEE8allocateEmPKv
FNDA:4,_ZNSt15__new_allocatorISt5tupleIJiiiiEEE8allocateEmPKv
FNDA:1,_ZNSt15__new_allocatorISt6vectorI4EdgeSaIS1_EEE8allocateEmPKv
FNDA:8,_ZNSt15__new_allocatorISt6vectorIiSaIiEEE8allocateEmPKv
FNDA:3,_ZNSt15__new_allocatorISt8functionIFvvEEE8allocateEmPKv
FNDA:23,_ZNSt15__new_allocatorIiE8allocateEmPKv
FNDA:1,_ZNSt15__new_allocatorImE8allocateEmPKv
FNDA:3,_ZNSt15__new_allocatorI4EdgeE10deallocateEPS0_m
FNDA:1,_ZNSt15__new_allocatorINSt8__detail10_Hash_nodeIiLb0EEEE10deallocateEPS2_m
FNDA:1,_ZNSt15__new_allocatorIPNSt8__detail15_Hash_node_baseEE10deallocateEPS2_m
FNDA:3,_ZNSt15__new_allocatorIPSt8functionIFvvEEE10deallocateEPS3_m
FNDA:2,_ZNSt15__new_allocatorIPiE10deallocateEPS0_m
FNDA:2,_ZNSt15__new_allocatorISt13_Rb_tree_nodeI4EdgeEE10deallocateEPS2_m
FNDA:4,_ZNSt15__new_allocatorISt5tupleIJiiiiEEE10deallocateEPS1_m
FNDA:1,_ZNSt15__new_allocatorISt6vectorI4EdgeSaIS1_EEE10deallocateEPS3_m
FNDA:8,_ZNSt15__new_allocatorISt6vectorIiSaIiEEE10deallocateEPS2_m
FNDA:3,_ZNSt15__new_allocatorISt8functionIFvvEEE10deallocateEPS2_m
FNDA:23,_ZNSt15__new_allocatorIiE10deallocateEPim
FNDA:1,_ZNSt15__new_allocatorImE10deallocateEPmm
FNF:38
FNH:38
DA:88,100
DA:92,79
DA:104,181
DA:126,52
DA:134,52
DA:138,0
DA:139,0
DA:140,0
DA:151,52
DA:156,52
DA:172,52
DA:183,30
DA:191,24
DA:198,16
DA:233,82
LF:15
LH:12
end_of_record
TN:
SF:/usr/include/c++/13/bits/ptr_traits.h
FN:141,142,_ZNSt19__ptr_traits_ptr_toIPNSt8__detail10_Hash_nodeIiLb0EEES2_Lb0EE10pointer_toERS2_
FN:141,142,_ZNSt19__ptr_traits_ptr_toIPPNSt8__detail15_Hash_node_baseES2_Lb0EE10pointer_toERS2_
FN:212,216,_ZSt12__to_addressINSt8__detail10_Hash_nodeIiLb0EEEEPT_S4_
FN:212,216,_ZSt12__to_addressIPNSt8__detail15_Hash_node_baseEEPT_S4_
FNDA:1,_ZNSt19__ptr_traits_ptr_toIPNSt8__detail10_Hash_nodeIiLb0EEES2_Lb0EE10pointer_toERS2_
FNDA:1,_ZNSt19__ptr_traits_ptr_toIPPNSt8__detail15_Hash_node_baseES2_Lb0EE10pointer_toERS2_
FNDA:1,_ZSt12__to_addressINSt8__detail10_Hash_nodeIiLb0EEEEPT_S4_
FNDA:1,_ZSt12__to_addressIPNSt8__detail15_Hash_node_baseEEPT_S4_
FNF:4
FNH:4
DA:141,2
DA:142,2
DA:212,2
DA:215,2
LF:4
LH:4
end_of_record
TN:
SF:/usr/include/c++/13/bits/std_function.h
FN:134,143,_ZNSt14_Function_base13_Base_managerIZ20handleClientPipelineiEUlvE0_E14_M_get_pointerERKSt9_Any_data
FN:134,143,_ZNSt14_Function_base13_Base_managerIZ20handleClientPipelineiEUlvE1_E14_M_get_pointerERKSt9_Any_data
FN:134,143,_ZNSt14_Function_base13_Base_managerIZ20handleClientPipelineiEUlvE2_E14_M_get_pointerERKSt9_Any_data
FN:134,143,_ZNSt14_Function_base13_Base_managerIZ20handleClientPipelineiEUlvE3_E14_M_get_pointerERKSt9_Any_data
FN:134,143,_ZNSt14_Function_base13_Base_managerIZ20handleClientPipelineiEUlvE4_E14_M_get_pointerERKSt9_Any_data
FN:134,143,_ZNSt14_Function_base13_Base_managerIZ20handleClientPipelineiEUlvE5_E14_M_get_pointerERKSt9_Any_data
FN:134,143,_ZNSt14_Function_base13_Base_managerIZ20handleClientPipelineiEUlvE6_E14_M_get_pointerERKSt9_Any_data
FN:134,143,_ZNSt14_Function_base13_Base_managerIZ20handleClientPipelineiEUlvE_E14_M_get_pointerERKSt9_Any_data
FN:134,143,_ZNSt14_Function_base13_Base_managerIZ7boruvkaRKSt6vectorISt5tupleIJiiiiEESaIS3_EEiEUliiE_E14_M_get_pointerERKSt9_Any_data
FN:150,153,_ZNSt14_Function_base13_Base_managerIZ20handleClientPipelineiEUlvE2_E9_M_createIRKS1_EEvRSt9_Any_dataOT_St17integral_constantIbLb1EE
FN:150,153,_ZNSt14_Function_base13_Base_managerIZ20handleClientPipelineiEUlvE2_E9_M_createIS1_EEvRSt9_Any_dataOT_St17integral_constantIbLb1EE
FN:150,153,_ZNSt14_Function_base13_Base_managerIZ20handleClientPipelineiEUlvE3_E9_M_createIRKS1_EEvRSt9_Any_dataOT_St17integral_constantIbLb1EE
FN:150,153,_ZNSt14_Function_base13_Base_managerIZ20handleClientPipelineiEUlvE3_E9_M_createIS1_EEvRSt9_Any_dataOT_St17integral_constantIbLb1EE
FN:150,153,_ZNSt14_Function_base13_Base_managerIZ20handleClientPipelineiEUlvE6_E9_M_createIRKS1_EEvRSt9_Any_dataOT_St17integral_constantIbLb1EE
FN:150,153,_ZNSt14_Function_base13_Base_managerIZ20handleClientPipelineiEUlvE6_E9_M_createIS1_EEvRSt9_Any_dataOT_St17integral_constantIbLb1EE
FN:158,162,_ZNSt14_Function_base13_Base_managerIZ20handleClientPipelineiEUlvE0_E9_M_createIRKS1_EEvRSt9_Any_dataOT_St17integral_constantIbLb0EE
FN:158,162,_ZNSt14_Function_base13_Base_managerIZ20handleClientPipelineiEUlvE0_E9_M_createIS1_EEvRSt9_Any_dataOT_St17integral_constantIbLb0EE
FN:158,162,_ZNSt14_Function_base13_Base_managerIZ20handleClientPipelineiEUlvE1_E9_M_createIRKS1_EEvRSt9_Any_dataOT_St17integral_constantIbLb0EE
FN:158,162,_ZNSt14_Function_base13_Base_managerIZ20handleClientPipelineiEUlvE1_E9_M_createIS1_EEvRSt9_Any_dataOT_St17integral_constantIbLb0EE
FN:158,162,_ZNSt14_Function_base13_Base_managerIZ20handleClientPipelineiEUlvE4_E9_M_createIRKS1_EEvRSt9_Any_dataOT_St17integral_constantIbLb0EE
FN:158,162,_ZNSt14_Function_base13_Base_managerIZ20handleClientPipelineiEUlvE4_E9_M_createIS1_EEvRSt9_Any_dataOT_St17integral_constantIbLb0EE
FN:158,162,_ZNSt14_Function_base13_Base_managerIZ20handleClientPipelineiEUlvE5_E9_M_createIRKS1_EEvRSt9_Any_dataOT_St17integral_constantIbLb0EE
FN:158,162,_ZNSt14_Function_base13_Base_managerIZ20handleClientPipelineiEUlvE5_E9_M_createIS1_EEvRSt9_Any_dataOT_St17integral_constantIbLb0EE
FN:158,162,_ZNSt14_Function_base13_Base_managerIZ20handleClientPipelineiEUlvE_E9_M_createIRKS1_EEvRSt9_Any_dataOT_St17integral_constantIbLb0EE
FN:158,162,_ZNSt14_Function_base13_Base_managerIZ20handleClientPipelineiEUlvE_E9_M_createIS1_EEvRSt9_Any_dataOT_St17integral_constantIbLb0EE
FN:158,162,_ZNSt14_Function_base13_Base_managerIZ7boruvkaRKSt6vectorISt5tupleIJiiiiEESaIS3_EEiEUliiE_E9_M_createIRKS8_EEvRSt9_Any_dataOT_St17integral_constantIbLb0EE
FN:158,162,_ZNSt14_Function_base13_Base_managerIZ7boruvkaRKSt6vectorISt5tupleIJiiiiEESaIS3_EEiEUliiE_E9_M_createIS8_EEvRSt9_Any_dataOT_St17integral_constantIbLb0EE
FN:166,169,_ZNSt14_Function_base13_Base_managerIZ20handleClientPipelineiEUlvE2_E10_M_destroyERSt9_Any_dataSt17integral_constantIbLb1EE
FN:166,169,_ZNSt14_Function_base13_Base_managerIZ20handleClientPipelineiEUlvE3_E10_M_destroyERSt9_Any_dataSt17integral_constantIbLb1EE
FN:166,169,_ZNSt14_Function_base13_Base_managerIZ20handleClientPipelineiEUlvE6_E10_M_destroyERSt9_Any_dataSt17integral_constantIbLb1EE
FN:173,176,_ZNSt14_Function_base13_Base_managerIZ20handleClientPipelineiEUlvE0_E10_M_destroyERSt9_Any_dataSt17integral_constantIbLb0EE
FN:173,176,_ZNSt14_Function_base13_Base_managerIZ20handleClientPipelineiEUlvE1_E10_M_destroyERSt9_Any_dataSt17integral_constantIbLb0EE
FN:173,176,_ZNSt14_Function_base13_Base_managerIZ20handleClientPipelineiEUlvE4_E10_M_destroyERSt9_Any_dataSt17integral_constantIbLb0EE
FN:173,176,_ZNSt14_Function_base13_Base_managerIZ20handleClientPipelineiEUlvE5_E10_M_destroyERSt9_Any_dataSt17integral_constantIbLb0EE
FN:173,176,_ZNSt14_Function_base13_Base_managerIZ20handleClientPipelineiEUlvE_E10_M_destroyERSt9_Any_dataSt17integral_constantIbLb0EE
FN:173,176,_ZNSt14_Function_base13_Base_managerIZ7boruvkaRKSt6vectorISt5tupleIJiiiiEESaIS3_EEiEUliiE_E10_M_destroyERSt9_Any_dataSt17integral_constantIbLb0EE
FN:180,207,_ZNSt14_Function_base13_Base_managerIZ20handleClientPipelineiEUlvE0_E10_M_managerERSt9_Any_dataRKS3_St18_Manager_operation
FN:180,207,_ZNSt14_Function_base13_Base_managerIZ20handleClientPipelineiEUlvE1_E10_M_managerERSt9_Any_dataRKS3_St18_Manager_operation
FN:180,207,_ZNSt14_Function_base13_Base_managerIZ20handleClientPipelineiEUlvE2_E10_M_managerERSt9_Any_dataRKS3_St18_Manager_operation
FN:180,207,_ZNSt14_Function_base13_Base_managerIZ20handleClientPipelineiEUlvE3_E10_M_managerERSt9_Any_dataRKS3_St18_Manager_operation
FN:180,207,_ZNSt14_Function_base13_Base_managerIZ20handleClientPipelineiEUlvE4_E10_M_managerERSt9_Any_dataRKS3_St18_Manager_operation
FN:180,207,_ZNSt14_Function_base13_Base_managerIZ20handleClientPipelineiEUlvE5_E10_M_managerERSt9_Any_dataRKS3_St18_Manager_operation
FN:180,207,_ZNSt14_Function_base13_Base_managerIZ20handleClientPipelineiEUlvE6_E10_M_managerERSt9_Any_dataRKS3_St18_Manager_operation
FN:180,207,_ZNSt14_Function_base13_Base_managerIZ20handleClientPipelineiEUlvE_E10_M_managerERSt9_Any_dataRKS3_St18_Manager_operation
FN:180,207,_ZNSt14_Function_base13_Base_managerIZ7boruvkaRKSt6vectorISt5tupleIJiiiiEESaIS3_EEiEUliiE_E10_M_managerERSt9_Any_dataRKSA_St18_Manager_operation
FN:211,216,_ZNSt14_Function_base13_Base_managerIZ20handleClientPipelineiEUlvE0_E15_M_init_functorIRKS1_EEvRSt9_Any_dataOT_
FN:211,216,_ZNSt14_Function_base13_Base_managerIZ20handleClientPipelineiEUlvE0_E15_M_init_functorIS1_EEvRSt9_Any_dataOT_
FN:211,216,_ZNSt14_Function_base13_Base_managerIZ20handleClientPipelineiEUlvE1_E15_M_init_functorIRKS1_EEvRSt9_Any_dataOT_
FN:211,216,_ZNSt14_Function_base13_Base_managerIZ20handleClientPipelineiEUlvE1_E15_M_init_functorIS1_EEvRSt9_Any_dataOT_
FN:211,216,_ZNSt14_Function_base13_Base_managerIZ20handleClientPipelineiEUlvE2_E15_M_init_functorIRKS1_EEvRSt9_Any_dataOT_
FN:211,216,_ZNSt14_Function_base13_Base_managerIZ20handleClientPipelineiEUlvE2_E15_M_init_functorIS1_EEvRSt9_Any_dataOT_
FN:211,216,_ZNSt14_Function_base13_Base_managerIZ20handleClientPipelineiEUlvE3_E15_M_init_functorIRKS1_EEvRSt9_Any_dataOT_
FN:211,216,_ZNSt14_Function_base13_Base_managerIZ20handleClientPipelineiEUlvE3_E15_M_init_functorIS1_EEvRSt9_Any_dataOT_
FN:211,216,_ZNSt14_Function_base13_Base_managerIZ20handleClientPipelineiEUlvE4_E15_M_init_functorIRKS1_EEvRSt9_Any_dataOT_
FN:211,216,_ZNSt14_Function_base13_Base_managerIZ20handleClientPipelineiEUlvE4_E15_M_init_functorIS1_EEvRSt9_Any_dataOT_
FN:211,216,_ZNSt14_Function_base13_Base_managerIZ20handleClientPipelineiEUlvE5_E15_M_init_functorIRKS1_EEvRSt9_Any_dataOT_
FN:211,216,_ZNSt14_Function_base13_Base_managerIZ20handleClientPipelineiEUlvE5_E15_M_init_functorIS1_EEvRSt9_Any_dataOT_
FN:211,216,_ZNSt14_Function_base13_Base_managerIZ20handleClientPipelineiEUlvE6_E15_M_init_functorIRKS1_EEvRSt9_Any_dataOT_
FN:211,216,_ZNSt14_Function_base13_Base_managerIZ20handleClientPipelineiEUlvE6_E15_M_init_functorIS1_EEvRSt9_Any_dataOT_
FN:211,216,_ZNSt14_Function_base13_Base_managerIZ20handleClientPipelineiEUlvE_E15_M_init_functorIRKS1_EEvRSt9_Any_dataOT_
FN:211,216,_ZNSt14_Function_base13_Base_managerIZ20handleClientPipelineiEUlvE_E15_M_init_functorIS1_EEvRSt9_Any_dataOT_
FN:211,216,_ZNSt14_Function_base13_Base_managerIZ7boruvkaRKSt6vectorISt5tupleIJiiiiEESaIS3_EEiEUliiE_E15_M_init_functorIRKS8_EEvRSt9_Any_dataOT_
FN:211,216,_ZNSt14_Function_base13_Base_managerIZ7boruvkaRKSt6vectorISt5tupleIJiiiiEESaIS3_EEiEUliiE_E15_M_init_functorIS8_EEvRSt9_Any_dataOT_
FN:235,236,_ZNSt14_Function_base13_Base_managerIZ20handleClientPipelineiEUlvE0_E21_M_not_empty_functionIS1_EEbRKT_
FN:235,236,_ZNSt14_Function_base13_Base_managerIZ20handleClientPipelineiEUlvE1_E21_M_not_empty_functionIS1_EEbRKT_
FN:235,236,_ZNSt14_Function_base13_Base_managerIZ20handleClientPipelineiEUlvE2_E21_M_not_empty_functionIS1_EEbRKT_
FN:235,236,_ZNSt14_Function_base13_Base_managerIZ20handleClientPipelineiEUlvE3_E21_M_not_empty_functionIS1_EEbRKT_
FN:235,236,_ZNSt14_Function_base13_Base_managerIZ20handleClientPipelineiEUlvE4_E21_M_not_empty_functionIS1_EEbRKT_
FN:235,236,_ZNSt14_Function_base13_Base_managerIZ20handleClientPipelineiEUlvE5_E21_M_not_empty_functionIS1_EEbRKT_
FN:235,236,_ZNSt14_Function_base13_Base_managerIZ20handleClientPipelineiEUlvE6_E21_M_not_empty_functionIS1_EEbRKT_
FN:235,236,_ZNSt14_Function_base13_Base_managerIZ20handleClientPipelineiEUlvE_E21_M_not_empty_functionIS1_EEbRKT_
FN:235,236,_ZNSt14_Function_base13_Base_managerIZ7boruvkaRKSt6vectorISt5tupleIJiiiiEESaIS3_EEiEUliiE_E21_M_not_empty_functionIS8_EEbRKT_
FN:239,239,_ZNSt14_Function_baseC2Ev
FN:241,245,_ZNSt14_Function_baseD2Ev
FN:247,247,_ZNKSt14_Function_base8_M_emptyEv
FN:267,285,_ZNSt17_Function_handlerIFviiEZ7boruvkaRKSt6vectorISt5tupleIJiiiiEESaIS3_EEiEUliiE_E10_M_managerERSt9_Any_dataRKSA_St18_Manager_operation
FN:267,285,_ZNSt17_Function_handlerIFvvEZ20handleClientPipelineiEUlvE0_E10_M_managerERSt9_Any_dataRKS3_St18_Manager_operation
FN:267,285,_ZNSt17_Function_handlerIFvvEZ20handleClientPipelineiEUlvE1_E10_M_managerERSt9_Any_dataRKS3_St18_Manager_operation
FN:267,285,_ZNSt17_Function_handlerIFvvEZ20handleClientPipelineiEUlvE2_E10_M_managerERSt9_Any_dataRKS3_St18_Manager_operation
FN:267,285,_ZNSt17_Function_handlerIFvvEZ20handleClientPipelineiEUlvE3_E10_M_managerERSt9_Any_dataRKS3_St18_Manager_operation
FN:267,285,_ZNSt17_Function_handlerIFvvEZ20handleClientPipelineiEUlvE4_E10_M_managerERSt9_Any_dataRKS3_St18_Manager_operation
FN:267,285,_ZNSt17_Function_handlerIFvvEZ20handleClientPipelineiEUlvE5_E10_M_managerERSt9_Any_dataRKS3_St18_Manager_operation
FN:267,285,_ZNSt17_Function_handlerIFvvEZ20handleClientPipelineiEUlvE6_E10_M_managerERSt9_Any_dataRKS3_St18_Manager_operation
FN:267,285,_ZNSt17_Function_handlerIFvvEZ20handleClientPipelineiEUlvE_E10_M_managerERSt9_Any_dataRKS3_St18_Manager_operation
FN:288,292,_ZNSt17_Function_handlerIFviiEZ7boruvkaRKSt6vectorISt5tupleIJiiiiEESaIS3_EEiEUliiE_E9_M_invokeERKSt9_Any_dataOiSD_
FN:288,292,_ZNSt17_Function_handlerIFvvEZ20handleClientPipelineiEUlvE0_E9_M_invokeERKSt9_Any_data
FN:288,292,_ZNSt17_Function_handlerIFvvEZ20handleClientPipelineiEUlvE1_E9_M_invokeERKSt9_Any_data
FN:288,292,_ZNSt17_Function_handlerIFvvEZ20handleClientPipelineiEUlvE2_E9_M_invokeERKSt9_Any_data
FN:288,292,_ZNSt17_Function_handlerIFvvEZ20handleClientPipelineiEUlvE3_E9_M_invokeERKSt9_Any_data
FN:288,292,_ZNSt17_Function_handlerIFvvEZ20handleClientPipelineiEUlvE4_E9_M_invokeERKSt9_Any_data
FN:288,292,_ZNSt17_Function_handlerIFvvEZ20handleClientPipelineiEUlvE5_E9_M_invokeERKSt9_Any_data
FN:288,292,_ZNSt17_Function_handlerIFvvEZ20handleClientPipelineiEUlvE6_E9_M_invokeERKSt9_Any_data
FN:288,292,_ZNSt17_Function_handlerIFvvEZ20handleClientPipelineiEUlvE_E9_M_invokeERKSt9_Any_data
FN:368,369,_ZNSt8functionIFvvEEC2Ev
FN:386,395,_ZNSt8functionIFvvEEC2ERKS1_
FN:404,414,_ZNSt8functionIFvvEEC2EOS1_
FN:435,454,_ZNSt8functionIFviiEEC2IZ7boruvkaRKSt6vectorISt5tupleIJiiiiEESaIS5_EEiEUliiE_vEEOT_
FN:435,454,_ZNSt8functionIFvvEEC2IZ20handleClientPipelineiEUlvE0_vEEOT_
FN:435,454,_ZNSt8functionIFvvEEC2IZ20handleClientPipelineiEUlvE1_vEEOT_
FN:435,454,_ZNSt8functionIFvvEEC2IZ20handleClientPipelineiEUlvE2_vEEOT_
FN:435,454,_ZNSt8functionIFvvEEC2IZ20handleClientPipelineiEUlvE3_vEEOT_
FN:435,454,_ZNSt8functionIFvvEEC2IZ20handleClientPipelineiEUlvE4_vEEOT_
FN:435,454,_ZNSt8functionIFvvEEC2IZ20handleClientPipelineiEUlvE5_vEEOT_
FN:435,454,_ZNSt8functionIFvvEEC2IZ20handleClientPipelineiEUlvE6_vEEOT_
FN:435,454,_ZNSt8functionIFvvEEC2IZ20handleClientPipelineiEUlvE_vEEOT_
[...]
FN:445,524,_ZNSt6vectorISt5tupleIJiiiiEESaIS1_EE17_M_realloc_insertIJRiS5_S5_mEEEvN9__gnu_cxx17__normal_iteratorIPS1_S3_EEDpOT_
FN:445,524,_ZNSt6vectorIiSaIiEE17_M_realloc_insertIJRKiEEEvN9__gnu_cxx17__normal_iteratorIPiS1_EEDpOT_
FN:529,628,_ZNSt6vectorIS_IiSaIiEESaIS1_EE14_M_fill_insertEN9__gnu_cxx17__normal_iteratorIPS1_S3_EEmRKS1_
FNDA:2,_ZNSt6vectorI4EdgeSaIS0_EE12emplace_backIJS0_EEERS0_DpOT_
FNDA:2,_ZNSt6vectorISt5tupleIJiiiiEESaIS1_EE12emplace_backIJRiS5_S5_S5_EEERS1_DpOT_
FNDA:2,_ZNSt6vectorISt5tupleIJiiiiEESaIS1_EE12emplace_backIJRiS5_S5_mEEERS1_DpOT_
FNDA:0,_ZNSt6vectorIiSaIiEEaSERKS1_
FNDA:2,_ZNSt6vectorI4EdgeSaIS0_EE17_M_realloc_insertIJS0_EEEvN9__gnu_cxx17__normal_iteratorIPS0_S2_EEDpOT_
FNDA:2,_ZNSt6vectorISt5tupleIJiiiiEESaIS1_EE17_M_realloc_insertIJRiS5_S5_S5_EEEvN9__gnu_cxx17__normal_iteratorIPS1_S3_EEDpOT_
FNDA:2,_ZNSt6vectorISt5tupleIJiiiiEESaIS1_EE17_M_realloc_insertIJRiS5_S5_mEEEvN9__gnu_cxx17__normal_iteratorIPS1_S3_EEDpOT_
FNDA:2,_ZNSt6vectorIiSaIiEE17_M_realloc_insertIJRKiEEEvN9__gnu_cxx17__normal_iteratorIPiS1_EEDpOT_
FNDA:2,_ZNSt6vectorIS_IiSaIiEESaIS1_EE14_M_fill_insertEN9__gnu_cxx17__normal_iteratorIPS1_S3_EEmRKS1_
FNF:9
FNH:8
DA:111,6
DA:114,6
DA:117,0
DA:119,0
DA:123,6
DA:125,6
DA:210,0
DA:213,0
DA:217,0
DA:219,0
DA:220,0
DA:223,0
DA:224,0
DA:225,0
DA:226,0
DA:227,0
DA:228,0
DA:229,0
DA:231,0
DA:232,0
DA:235,0
DA:236,0
DA:238,0
DA:240,0
DA:241,0
DA:242,0
DA:243,0
DA:244,0
DA:245,0
DA:246,0
DA:248,0
DA:250,0
DA:251,0
DA:255,0
DA:257,0
DA:258,0
DA:260,0
DA:262,0
DA:264,0
DA:445,8
DA:455,8
DA:456,8
DA:457,8
DA:458,8
DA:459,8
DA:460,8
DA:468,8
DA:469,8
DA:475,8
DA:480,8
DA:481,8
DA:483,8
DA:485,8
DA:486,8
DA:519,8
DA:520,8
DA:521,8
DA:522,8
DA:523,8
DA:524,8
DA:529,2
DA:532,2
DA:534,2
DA:535,2
DA:540,0
DA:541,0
DA:543,0
DA:544,0
DA:545,0
DA:548,0
DA:551,0
DA:552,0
DA:554,0
DA:556,0
DA:562,0
DA:563,0
DA:566,0
DA:568,0
DA:570,0
DA:571,0
DA:573,0
DA:575,0
DA:580,2
DA:581,2
DA:582,2
DA:585,2
DA:586,2
DA:587,2
DA:588,2
DA:592,2
DA:594,2
DA:595,2
DA:599,2
DA:601,2
DA:605,2
DA:607,0
DA:609,0
DA:610,0
DA:611,0
DA:612,0
DA:615,0
DA:616,0
DA:617,0
DA:619,2
DA:621,2
DA:622,2
DA:623,2
DA:624,2
DA:625,2
DA:628,2
LF:110
LH:49
end_of_record
TN:
SF:/usr/include/c++/13/condition_variable
FN:102,106,_ZNSt18condition_variable4waitIZZN12ActiveObjectC4EvENKUlvE_clEvEUlvE_EEvRSt11unique_lockISt5mutexET_
FNDA:12,_ZNSt18condition_variable4waitIZZN12ActiveObjectC4EvENKUlvE_clEvEUlvE_EEvRSt11unique_lockISt5mutexET_
FNF:1
FNH:1
DA:102,12
DA:104,24
DA:105,12
DA:106,12
LF:4
LH:4
end_of_record
TN:
SF:/usr/include/c++/13/ext/aligned_buffer.h
FN:104,107,_ZN9__gnu_cxx16__aligned_bufferIiE7_M_addrEv
FN:110,113,_ZNK9__gnu_cxx16__aligned_bufferIiE7_M_addrEv
FN:116,117,_ZN9__gnu_cxx16__aligned_bufferIiE6_M_ptrEv
FN:120,121,_ZNK9__gnu_cxx16__aligned_bufferIiE6_M_ptrEv
FN:64,65,_ZN9__gnu_cxx16__aligned_membufI4EdgeE7_M_addrEv
FN:68,69,_ZNK9__gnu_cxx16__aligned_membufI4EdgeE7_M_addrEv
FN:72,73,_ZN9__gnu_cxx16__aligned_membufI4EdgeE6_M_ptrEv
FN:76,77,_ZNK9__gnu_cxx16__aligned_membufI4EdgeE6_M_ptrEv
FNDA:2,_ZN9__gnu_cxx16__aligned_bufferIiE7_M_addrEv
FNDA:1,_ZNK9__gnu_cxx16__aligned_bufferIiE7_M_addrEv
FNDA:2,_ZN9__gnu_cxx16__aligned_bufferIiE6_M_ptrEv
FNDA:1,_ZNK9__gnu_cxx16__aligned_bufferIiE6_M_ptrEv
FNDA:4,_ZN9__gnu_cxx16__aligned_membufI4EdgeE7_M_addrEv
FNDA:2,_ZNK9__gnu_cxx16__aligned_membufI4EdgeE7_M_addrEv
FNDA:4,_ZN9__gnu_cxx16__aligned_membufI4EdgeE6_M_ptrEv
FNDA:2,_ZNK9__gnu_cxx16__aligned_membufI4EdgeE6_M_ptrEv
FNF:8
FNH:8
DA:64,4
DA:65,4
DA:68,2
DA:69,2
DA:72,4
DA:73,4
DA:76,2
DA:77,2
DA:104,2
DA:106,2
DA:110,1
DA:112,1
DA:116,2
DA:117,2
DA:120,1
DA:121,1
LF:16
LH:16
end_of_record
TN:
SF:/usr/include/c++/13/ext/alloc_traits.h
FNF:0
FNH:0
DA:98,22
DA:106,0
DA:118,0
LF:3
LH:1
end_of_record
TN:
SF:/usr/include/c++/13/ext/string_conversions.h
FN:56,96,_ZN9__gnu_cxx6__stoaIlicJiEEET0_PFT_PKT1_PPS3_DpT2_EPKcS5_PmS9_
FN:65,65,_ZZN9__gnu_cxx6__stoaIlicJiEEET0_PFT_PKT1_PPS3_DpT2_EPKcS5_PmS9_EN11_Save_errnoC2Ev
FN:66,66,_ZZN9__gnu_cxx6__stoaIlicJiEEET0_PFT_PKT1_PPS3_DpT2_EPKcS5_PmS9_EN11_Save_errnoD2Ev
FN:75,79,_ZZN9__gnu_cxx6__stoaIlicJiEEET0_PFT_PKT1_PPS3_DpT2_EPKcS5_PmS9_EN10_Range_chk6_S_chkElSt17integral_constantIbLb1EE
FNDA:4,_ZN9__gnu_cxx6__stoaIlicJiEEET0_PFT_PKT1_PPS3_DpT2_EPKcS5_PmS9_
FNDA:4,_ZZN9__gnu_cxx6__stoaIlicJiEEET0_PFT_PKT1_PPS3_DpT2_EPKcS5_PmS9_EN11_Save_errnoC2Ev
FNDA:4,_ZZN9__gnu_cxx6__stoaIlicJiEEET0_PFT_PKT1_PPS3_DpT2_EPKcS5_PmS9_EN11_Save_errnoD2Ev
FNDA:4,_ZZN9__gnu_cxx6__stoaIlicJiEEET0_PFT_PKT1_PPS3_DpT2_EPKcS5_PmS9_EN10_Range_chk6_S_chkElSt17integral_constantIbLb1EE
FNF:4
FNH:4
DA:56,4
DA:65,4
DA:66,4
DA:68,4
DA:75,4
DA:78,4
DA:82,4
DA:84,4
DA:85,0
DA:86,8
DA:87,4
DA:88,0
DA:90,4
DA:92,4
DA:93,0
DA:95,4
DA:96,4
LF:17
LH:14
end_of_record
TN:
SF:/usr/include/c++/13/limits
FN:1068,1068,_ZNSt14numeric_limitsIiE3maxEv
FNDA:8,_ZNSt14numeric_limitsIiE3maxEv
FNF:1
FNH:1
DA:1068,8
LF:1
LH:1
end_of_record
TN:
SF:/usr/include/c++/13/new
FN:174,175,_ZnwmPv
FN:180,180,_ZdlPvS_
FNDA:54,_ZnwmPv
FNDA:0,_ZdlPvS_
FNF:2
FNH:1
DA:174,54
DA:175,54
DA:180,0
LF:3
LH:2
end_of_record
TN:
SF:/usr/include/c++/13/tuple
FN:1124,1129,_ZNSt5tupleIJRiS0_S0_RKSt15_Swallow_assignEEaSIJiiiiEEENSt9enable_ifIXcl12__assignableIDpRKT_EEERS4_E4typeERKS_IJDpS7_EE
FN:1124,1129,_ZNSt5tupleIJRiS0_S0_S0_EEaSIJiiiiEEENSt9enable_ifIXcl12__assignableIDpRKT_EEERS1_E4typeERKS_IJDpS4_EE
FN:125,125,_ZNSt10_Head_baseILm1ESt14default_deleteINSt6thread6_StateEELb1EE7_M_headERS4_
FN:1317,1319,_ZNSt5tupleIJPNSt6thread6_StateESt14default_deleteIS1_EEEC2ILb1ELb1EEEv
FN:1787,1788,_ZSt12__get_helperILm0EPNSt6thread6_StateEJSt14default_deleteIS1_EEERT0_RSt11_Tuple_implIXT_EJS5_DpT1_EE
FN:1787,1788,_ZSt12__get_helperILm0EZN12ActiveObjectC4EvEUlvE_JEERT0_RSt11_Tuple_implIXT_EJS2_DpT1_EE
FN:1787,1788,_ZSt12__get_helperILm1ESt14default_deleteINSt6thread6_StateEEJEERT0_RSt11_Tuple_implIXT_EJS4_DpT1_EE
FN:1792,1793,_ZSt12__get_helperILm2EiJiEERKT0_RKSt11_Tuple_implIXT_EJS0_DpT1_EE
FN:1803,1804,_ZSt3getILm0EJPNSt6thread6_StateESt14default_deleteIS1_EEERNSt13tuple_elementIXT_ESt5tupleIJDpT0_EEE4typeERS9_
FN:1803,1804,_ZSt3getILm1EJPNSt6thread6_StateESt14default_deleteIS1_EEERNSt13tuple_elementIXT_ESt5tupleIJDpT0_EEE4typeERS9_
FN:1809,1810,_ZSt3getILm2EJiiiiEERKNSt13tuple_elementIXT_ESt5tupleIJDpT0_EEE4typeERKS4_
FN:1815,1819,_ZSt3getILm0EJZN12ActiveObjectC4EvEUlvE_EEONSt13tuple_elementIXT_ESt5tupleIJDpT0_EEE4typeEOS6_
FN:190,191,_ZNSt10_Head_baseILm0EPNSt6thread6_StateELb0EEC2Ev
FN:193,194,_ZNSt10_Head_baseILm0ERiLb0EEC2ES0_
FN:193,194,_ZNSt10_Head_baseILm1ERiLb0EEC2ES0_
FN:193,194,_ZNSt10_Head_baseILm2ERiLb0EEC2ES0_
FN:193,194,_ZNSt10_Head_baseILm3ERKSt15_Swallow_assignLb0EEC2ES2_
FN:193,194,_ZNSt10_Head_baseILm3ERiLb0EEC2ES0_
FN:200,201,_ZNSt10_Head_baseILm0EZN12ActiveObjectC4EvEUlvE_Lb0EEC2IS1_EEOT_
FN:200,201,_ZNSt10_Head_baseILm0EiLb0EEC2IRiEEOT_
FN:200,201,_ZNSt10_Head_baseILm1EiLb0EEC2IRiEEOT_
FN:200,201,_ZNSt10_Head_baseILm2EiLb0EEC2IRiEEOT_
FN:200,201,_ZNSt10_Head_baseILm3EiLb0EEC2IRiEEOT_
FN:200,201,_ZNSt10_Head_baseILm3EiLb0EEC2ImEEOT_
FN:2169,2170,_ZSt3tieIJiiiKSt15_Swallow_assignEESt5tupleIJDpRT_EES5_
FN:2169,2170,_ZSt3tieIJiiiiEESt5tupleIJDpRT_EES3_
FN:2212,2213,_ZNKSt15_Swallow_assignaSIiEERKS_RKT_
FN:234,234,_ZNSt10_Head_baseILm0EPNSt6thread6_StateELb0EE7_M_headERS3_
FN:234,234,_ZNSt10_Head_baseILm0ERiLb0EE7_M_headERS1_
FN:234,234,_ZNSt10_Head_baseILm0EZN12ActiveObjectC4EvEUlvE_Lb0EE7_M_headERS2_
FN:234,234,_ZNSt10_Head_baseILm1ERiLb0EE7_M_headERS1_
FN:234,234,_ZNSt10_Head_baseILm2ERiLb0EE7_M_headERS1_
FN:234,234,_ZNSt10_Head_baseILm3ERKSt15_Swallow_assignLb0EE7_M_headERS3_
FN:234,234,_ZNSt10_Head_baseILm3ERiLb0EE7_M_headERS1_
FN:237,237,_ZNSt10_Head_baseILm0EiLb0EE7_M_headERKS0_
FN:237,237,_ZNSt10_Head_baseILm1EiLb0EE7_M_headERKS0_
FN:237,237,_ZNSt10_Head_baseILm2EiLb0EE7_M_headERKS0_
FN:237,237,_ZNSt10_Head_baseILm3EiLb0EE7_M_headERKS0_
FN:269,269,_ZNSt11_Tuple_implILm0EJPNSt6thread6_StateESt14default_deleteIS1_EEE7_M_headERS5_
FN:269,269,_ZNSt11_Tuple_implILm0EJRiS0_S0_RKSt15_Swallow_assignEE7_M_headERS4_
FN:269,269,_ZNSt11_Tuple_implILm0EJRiS0_S0_S0_EE7_M_headERS1_
FN:269,269,_ZNSt11_Tuple_implILm1EJRiS0_RKSt15_Swallow_assignEE7_M_headERS4_
FN:269,269,_ZNSt11_Tuple_implILm1EJRiS0_S0_EE7_M_headERS1_
FN:269,269,_ZNSt11_Tuple_implILm2EJRiRKSt15_Swallow_assignEE7_M_headERS4_
FN:269,269,_ZNSt11_Tuple_implILm2EJRiS0_EE7_M_headERS1_
FN:272,272,_ZNSt11_Tuple_implILm0EJiiiiEE7_M_headERKS0_
FN:272,272,_ZNSt11_Tuple_implILm1EJiiiEE7_M_headERKS0_
FN:272,272,_ZNSt11_Tuple_implILm2EJiiEE7_M_headERKS0_
FN:275,275,_ZNSt11_Tuple_implILm0EJRiS0_S0_RKSt15_Swallow_assignEE7_M_tailERS4_
FN:275,275,_ZNSt11_Tuple_implILm0EJRiS0_S0_S0_EE7_M_tailERS1_
FN:275,275,_ZNSt11_Tuple_implILm1EJRiS0_RKSt15_Swallow_assignEE7_M_tailERS4_
FN:275,275,_ZNSt11_Tuple_implILm1EJRiS0_S0_EE7_M_tailERS1_
FN:275,275,_ZNSt11_Tuple_implILm2EJRiRKSt15_Swallow_assignEE7_M_tailERS4_
FN:275,275,_ZNSt11_Tuple_implILm2EJRiS0_EE7_M_tailERS1_
FN:278,278,_ZNSt11_Tuple_implILm0EJiiiiEE7_M_tailERKS0_
FN:278,278,_ZNSt11_Tuple_implILm1EJiiiEE7_M_tailERKS0_
FN:278,278,_ZNSt11_Tuple_implILm2EJiiEE7_M_tailERKS0_
FN:280,281,_ZNSt11_Tuple_implILm0EJPNSt6thread6_StateESt14default_deleteIS1_EEEC2Ev
FN:284,286,_ZNSt11_Tuple_implILm0EJRiS0_S0_RKSt15_Swallow_assignEEC2ES0_S0_S0_S3_
FN:284,286,_ZNSt11_Tuple_implILm0EJRiS0_S0_S0_EEC2ES0_S0_S0_S0_
FN:284,286,_ZNSt11_Tuple_implILm1EJRiS0_RKSt15_Swallow_assignEEC2ES0_S0_S3_
FN:284,286,_ZNSt11_Tuple_implILm1EJRiS0_S0_EEC2ES0_S0_S0_
FN:284,286,_ZNSt11_Tuple_implILm2EJRiRKSt15_Swallow_assignEEC2ES0_S3_
FN:284,286,_ZNSt11_Tuple_implILm2EJRiS0_EEC2ES0_S0_
FN:291,294,_ZNSt11_Tuple_implILm0EJiiiiEEC2IRiJS2_S2_S2_EvEEOT_DpOT0_
FN:291,294,_ZNSt11_Tuple_implILm0EJiiiiEEC2IRiJS2_S2_mEvEEOT_DpOT0_
FN:291,294,_ZNSt11_Tuple_implILm1EJiiiEEC2IRiJS2_S2_EvEEOT_DpOT0_
FN:291,294,_ZNSt11_Tuple_implILm1EJiiiEEC2IRiJS2_mEvEEOT_DpOT0_
FN:291,294,_ZNSt11_Tuple_implILm2EJiiEEC2IRiJS2_EvEEOT_DpOT0_
FN:291,294,_ZNSt11_Tuple_implILm2EJiiEEC2IRiJmEvEEOT_DpOT0_
FN:302,302,_ZNSt11_Tuple_implILm0EJiiiiEEC2EOS0_
FN:302,302,_ZNSt11_Tuple_implILm1EJiiiEEC2EOS0_
FN:302,302,_ZNSt11_Tuple_implILm2EJiiEEC2EOS0_
FN:427,432,_ZNSt11_Tuple_implILm0EJRiS0_S0_RKSt15_Swallow_assignEE9_M_assignIJiiiiEEEvRKS_ILm0EJDpT_EE
FN:427,432,_ZNSt11_Tuple_implILm0EJRiS0_S0_S0_EE9_M_assignIJiiiiEEEvRKS_ILm0EJDpT_EE
FN:427,432,_ZNSt11_Tuple_implILm1EJRiS0_RKSt15_Swallow_assignEE9_M_assignIJiiiEEEvRKS_ILm1EJDpT_EE
FN:427,432,_ZNSt11_Tuple_implILm1EJRiS0_S0_EE9_M_assignIJiiiEEEvRKS_ILm1EJDpT_EE
FN:427,432,_ZNSt11_Tuple_implILm2EJRiRKSt15_Swallow_assignEE9_M_assignIJiiEEEvRKS_ILm2EJDpT_EE
FN:427,432,_ZNSt11_Tuple_implILm2EJRiS0_EE9_M_assignIJiiEEEvRKS_ILm2EJDpT_EE
FN:497,497,_ZNSt11_Tuple_implILm0EJZN12ActiveObjectC4EvEUlvE_EE7_M_headERS2_
FN:497,497,_ZNSt11_Tuple_implILm1EJSt14default_deleteINSt6thread6_StateEEEE7_M_headERS4_
FN:497,497,_ZNSt11_Tuple_implILm3EJRKSt15_Swallow_assignEE7_M_headERS3_
FN:497,497,_ZNSt11_Tuple_implILm3EJRiEE7_M_headERS1_
FN:500,500,_ZNSt11_Tuple_implILm3EJiEE7_M_headERKS0_
FN:503,504,_ZNSt11_Tuple_implILm1EJSt14default_deleteINSt6thread6_StateEEEEC2Ev
FN:507,509,_ZNSt11_Tuple_implILm3EJRKSt15_Swallow_assignEEC2ES2_
FN:507,509,_ZNSt11_Tuple_implILm3EJRiEEC2ES0_
FN:513,515,_ZNSt11_Tuple_implILm0EJZN12ActiveObjectC4EvEUlvE_EEC2IS1_EEOT_
FN:513,515,_ZNSt11_Tuple_implILm3EJiEEC2IRiEEOT_
FN:513,515,_ZNSt11_Tuple_implILm3EJiEEC2ImEEOT_
FN:527,530,_ZNSt11_Tuple_implILm3EJiEEC2EOS0_
FN:632,635,_ZNSt11_Tuple_implILm3EJRKSt15_Swallow_assignEE9_M_assignIiEEvRKS_ILm3EJT_EE
FN:632,635,_ZNSt11_Tuple_implILm3EJRiEE9_M_assignIiEEvRKS_ILm3EJT_EE
FN:81,82,_ZNSt10_Head_baseILm1ESt14default_deleteINSt6thread6_StateEELb1EEC2Ev
FN:874,876,_ZNSt5tupleIJRiS0_S0_RKSt15_Swallow_assignEEC2ILb1ELb1EEES0_S0_S0_S3_
FN:874,876,_ZNSt5tupleIJRiS0_S0_S0_EEC2ILb1ELb1EEES0_S0_S0_S0_
FN:889,891,_ZNSt5tupleIJZN12ActiveObjectC4EvEUlvE_EEC2IJS1_ELb1ELb1EEEDpOT_
FN:889,891,_ZNSt5tupleIJiiiiEEC2IJRiS2_S2_S2_ELb1ELb1EEEDpOT_
FN:889,891,_ZNSt5tupleIJiiiiEEC2IJRiS2_S2_mELb1ELb1EEEDpOT_
FN:903,903,_ZNSt5tupleIJiiiiEEC2EOS0_
FNDA:2,_ZNSt5tupleIJRiS0_S0_RKSt15_Swallow_assignEEaSIJiiiiEEENSt9enable_ifIXcl12__assignableIDpRKT_EEERS4_E4typeERKS_IJDpS7_EE
FNDA:3,_ZNSt5tupleIJRiS0_S0_S0_EEaSIJiiiiEEENSt9enable_ifIXcl12__assignableIDpRKT_EEERS1_E4typeERKS_IJDpS4_EE
FNDA:0,_ZNSt10_Head_baseILm1ESt14default_deleteINSt6thread6_StateEELb1EE7_M_headERS4_
FNDA:3,_ZNSt5tupleIJPNSt6thread6_StateESt14default_deleteIS1_EEEC2ILb1ELb1EEEv
FNDA:6,_ZSt12__get_helperILm0EPNSt6thread6_StateEJSt14default_deleteIS1_EEERT0_RSt11_Tuple_implIXT_EJS5_DpT1_EE
FNDA:3,_ZSt12__get_helperILm0EZN12ActiveObjectC4EvEUlvE_JEERT0_RSt11_Tuple_implIXT_EJS2_DpT1_EE
FNDA:0,_ZSt12__get_helperILm1ESt14default_deleteINSt6thread6_StateEEJEERT0_RSt11_Tuple_implIXT_EJS4_DpT1_EE
FNDA:1,_ZSt12__get_helperILm2EiJiEERKT0_RKSt11_Tuple_implIXT_EJS0_DpT1_EE
FNDA:6,_ZSt3getILm0EJPNSt6thread6_StateESt14default_deleteIS1_EEERNSt13tuple_elementIXT_ESt5tupleIJDpT0_EEE4typeERS9_
FNDA:0,_ZSt3getILm1EJPNSt6thread6_StateESt14default_deleteIS1_EEERNSt13tuple_elementIXT_ESt5tupleIJDpT0_EEE4typeERS9_
FNDA:1,_ZSt3getILm2EJiiiiEERKNSt13tuple_elementIXT_ESt5tupleIJDpT0_EEE4typeERKS4_
FNDA:3,_ZSt3getILm0EJZN12ActiveObjectC4EvEUlvE_EEONSt13tuple_elementIXT_ESt5tupleIJDpT0_EEE4typeEOS6_
FNDA:3,_ZNSt10_Head_baseILm0EPNSt6thread6_StateELb0EEC2Ev
FNDA:5,_ZNSt10_Head_baseILm0ERiLb0EEC2ES0_
FNDA:5,_ZNSt10_Head_baseILm1ERiLb0EEC2ES0_
FNDA:5,_ZNSt10_Head_baseILm2ERiLb0EEC2ES0_
FNDA:2,_ZNSt10_Head_baseILm3ERKSt15_Swallow_assignLb0EEC2ES2_
FNDA:3,_ZNSt10_Head_baseILm3ERiLb0EEC2ES0_
FNDA:3,_ZNSt10_Head_baseILm0EZN12ActiveObjectC4EvEUlvE_Lb0EEC2IS1_EEOT_
FNDA:4,_ZNSt10_Head_baseILm0EiLb0EEC2IRiEEOT_
FNDA:4,_ZNSt10_Head_baseILm1EiLb0EEC2IRiEEOT_
FNDA:4,_ZNSt10_Head_baseILm2EiLb0EEC2IRiEEOT_
FNDA:2,_ZNSt10_Head_baseILm3EiLb0EEC2IRiEEOT_
FNDA:2,_ZNSt10_Head_baseILm3EiLb0EEC2ImEEOT_
FNDA:2,_ZSt3tieIJiiiKSt15_Swallow_assignEESt5tupleIJDpRT_EES5_
FNDA:3,_ZSt3tieIJiiiiEESt5tupleIJDpRT_EES3_
FNDA:2,_ZNKSt15_Swallow_assignaSIiEERKS_RKT_
FNDA:6,_ZNSt10_Head_baseILm0EPNSt6thread6_StateELb0EE7_M_headERS3_
FNDA:5,_ZNSt10_Head_baseILm0ERiLb0EE7_M_headERS1_
FNDA:3,_ZNSt10_Head_baseILm0EZN12ActiveObjectC4EvEUlvE_Lb0EE7_M_headERS2_
FNDA:5,_ZNSt10_Head_baseILm1ERiLb0EE7_M_headERS1_
FNDA:5,_ZNSt10_Head_baseILm2ERiLb0EE7_M_headERS1_
FNDA:2,_ZNSt10_Head_baseILm3ERKSt15_Swallow_assignLb0EE7_M_headERS3_
FNDA:3,_ZNSt10_Head_baseILm3ERiLb0EE7_M_headERS1_
FNDA:5,_ZNSt10_Head_baseILm0EiLb0EE7_M_headERKS0_
FNDA:5,_ZNSt10_Head_baseILm1EiLb0EE7_M_headERKS0_
FNDA:6,_ZNSt10_Head_baseILm2EiLb0EE7_M_headERKS0_
FNDA:5,_ZNSt10_Head_baseILm3EiLb0EE7_M_headERKS0_
FNDA:6,_ZNSt11_Tuple_implILm0EJPNSt6thread6_StateESt14default_deleteIS1_EEE7_M_headERS5_
FNDA:2,_ZNSt11_Tuple_implILm0EJRiS0_S0_RKSt15_Swallow_assignEE7_M_headERS4_
FNDA:3,_ZNSt11_Tuple_implILm0EJRiS0_S0_S0_EE7_M_headERS1_
FNDA:2,_ZNSt11_Tuple_implILm1EJRiS0_RKSt15_Swallow_assignEE7_M_headERS4_
FNDA:3,_ZNSt11_Tuple_implILm1EJRiS0_S0_EE7_M_headERS1_
FNDA:2,_ZNSt11_Tuple_implILm2EJRiRKSt15_Swallow_assignEE7_M_headERS4_
FNDA:3,_ZNSt11_Tuple_implILm2EJRiS0_EE7_M_headERS1_
FNDA:5,_ZNSt11_Tuple_implILm0EJiiiiEE7_M_headERKS0_
FNDA:5,_ZNSt11_Tuple_implILm1EJiiiEE7_M_headERKS0_
FNDA:6,_ZNSt11_Tuple_implILm2EJiiEE7_M_headERKS0_
FNDA:2,_ZNSt11_Tuple_implILm0EJRiS0_S0_RKSt15_Swallow_assignEE7_M_tailERS4_
FNDA:3,_ZNSt11_Tuple_implILm0EJRiS0_S0_S0_EE7_M_tailERS1_
FNDA:2,_ZNSt11_Tuple_implILm1EJRiS0_RKSt15_Swallow_assignEE7_M_tailERS4_
FNDA:3,_ZNSt11_Tuple_implILm1EJRiS0_S0_EE7_M_tailERS1_
FNDA:2,_ZNSt11_Tuple_implILm2EJRiRKSt15_Swallow_assignEE7_M_tailERS4_
FNDA:3,_ZNSt11_Tuple_implILm2EJRiS0_EE7_M_tailERS1_
FNDA:5,_ZNSt11_Tuple_implILm0EJiiiiEE7_M_tailERKS0_
FNDA:5,_ZNSt11_Tuple_implILm1EJiiiEE7_M_tailERKS0_
FNDA:5,_ZNSt11_Tuple_implILm2EJiiEE7_M_tailERKS0_
FNDA:3,_ZNSt11_Tuple_implILm0EJPNSt6thread6_StateESt14default_deleteIS1_EEEC2Ev
FNDA:2,_ZNSt11_Tuple_implILm0EJRiS0_S0_RKSt15_Swallow_assignEEC2ES0_S0_S0_S3_
FNDA:3,_ZNSt11_Tuple_implILm0EJRiS0_S0_S0_EEC2ES0_S0_S0_S0_
FNDA:2,_ZNSt11_Tuple_implILm1EJRiS0_RKSt15_Swallow_assignEEC2ES0_S0_S3_
FNDA:3,_ZNSt11_Tuple_implILm1EJRiS0_S0_EEC2ES0_S0_S0_
FNDA:2,_ZNSt11_Tuple_implILm2EJRiRKSt15_Swallow_assignEEC2ES0_S3_
FNDA:3,_ZNSt11_Tuple_implILm2EJRiS0_EEC2ES0_S0_
FNDA:2,_ZNSt11_Tuple_implILm0EJiiiiEEC2IRiJS2_S2_S2_EvEEOT_DpOT0_
FNDA:2,_ZNSt11_Tuple_implILm0EJiiiiEEC2IRiJS2_S2_mEvEEOT_DpOT0_
FNDA:2,_ZNSt11_Tuple_implILm1EJiiiEEC2IRiJS2_S2_EvEEOT_DpOT0_
FNDA:2,_ZNSt11_Tuple_implILm1EJiiiEEC2IRiJS2_mEvEEOT_DpOT0_
FNDA:2,_ZNSt11_Tuple_implILm2EJiiEEC2IRiJS2_EvEEOT_DpOT0_
FNDA:2,_ZNSt11_Tuple_implILm2EJiiEEC2IRiJmEvEEOT_DpOT0_
FNDA:0,_ZNSt11_Tuple_implILm0EJiiiiEEC2EOS0_
FNDA:0,_ZNSt11_Tuple_implILm1EJiiiEEC2EOS0_
FNDA:0,_ZNSt11_Tuple_implILm2EJiiEEC2EOS0_
FNDA:2,_ZNSt11_Tuple_implILm0EJRiS0_S0_RKSt15_Swallow_assignEE9_M_assignIJiiiiEEEvRKS_ILm0EJDpT_EE
FNDA:3,_ZNSt11_Tuple_implILm0EJRiS0_S0_S0_EE9_M_assignIJiiiiEEEvRKS_ILm0EJDpT_EE
FNDA:2,_ZNSt11_Tuple_implILm1EJRiS0_RKSt15_Swallow_assignEE9_M_assignIJiiiEEEvRKS_ILm1EJDpT_EE
FNDA:3,_ZNSt11_Tuple_implILm1EJRiS0_S0_EE9_M_assignIJiiiEEEvRKS_ILm1EJDpT_EE
FNDA:2,_ZNSt11_Tuple_implILm2EJRiRKSt15_Swallow_assignEE9_M_assignIJiiEEEvRKS_ILm2EJDpT_EE
FNDA:3,_ZNSt11_Tuple_implILm2EJRiS0_EE9_M_assignIJiiEEEvRKS_ILm2EJDpT_EE
FNDA:3,_ZNSt11_Tuple_implILm0EJZN12ActiveObjectC4EvEUlvE_EE7_M_headERS2_
FNDA:0,_ZNSt11_Tuple_implILm1EJSt14default_deleteINSt6thread6_StateEEEE7_M_headERS4_
FNDA:2,_ZNSt11_Tuple_implILm3EJRKSt15_Swallow_assignEE7_M_headERS3_
FNDA:3,_ZNSt11_Tuple_implILm3EJRiEE7_M_headERS1_
FNDA:5,_ZNSt11_Tuple_implILm3EJiEE7_M_headERKS0_
FNDA:3,_ZNSt11_Tuple_implILm1EJSt14default_deleteINSt6thread6_StateEEEEC2Ev
FNDA:2,_ZNSt11_Tuple_implILm3EJRKSt15_Swallow_assignEEC2ES2_
FNDA:3,_ZNSt11_Tuple_implILm3EJRiEEC2ES0_
FNDA:3,_ZNSt11_Tuple_implILm0EJZN12ActiveObjectC4EvEUlvE_EEC2IS1_EEOT_
FNDA:2,_ZNSt11_Tuple_implILm3EJiEEC2IRiEEOT_
FNDA:2,_ZNSt11_Tuple_implILm3EJiEEC2ImEEOT_
FNDA:0,_ZNSt11_Tuple_implILm3EJiEEC2EOS0_
FNDA:2,_ZNSt11_Tuple_implILm3EJRKSt15_Swallow_assignEE9_M_assignIiEEvRKS_ILm3EJT_EE
FNDA:3,_ZNSt11_Tuple_implILm3EJRiEE9_M_assignIiEEvRKS_ILm3EJT_EE
FNDA:3,_ZNSt10_Head_baseILm1ESt14default_deleteINSt6thread6_StateEELb1EEC2Ev
FNDA:2,_ZNSt5tupleIJRiS0_S0_RKSt15_Swallow_assignEEC2ILb1ELb1EEES0_S0_S0_S3_
FNDA:3,_ZNSt5tupleIJRiS0_S0_S0_EEC2ILb1ELb1EEES0_S0_S0_S0_
FNDA:3,_ZNSt5tupleIJZN12ActiveObjectC4EvEUlvE_EEC2IJS1_ELb1ELb1EEEDpOT_
FNDA:2,_ZNSt5tupleIJiiiiEEC2IJRiS2_S2_S2_ELb1ELb1EEEDpOT_
FNDA:2,_ZNSt5tupleIJiiiiEEC2IJRiS2_S2_mELb1ELb1EEEDpOT_
FNDA:0,_ZNSt5tupleIJiiiiEEC2EOS0_
FNF:100
FNH:91
DA:81,3
DA:82,3
DA:125,0
DA:190,3
DA:191,3
DA:193,20
DA:194,20
DA:200,19
DA:201,19
DA:234,29
DA:237,21
DA:269,21
DA:272,16
DA:275,15
DA:278,15
DA:280,3
DA:281,3
DA:284,15
DA:285,15
DA:286,15
DA:291,12
DA:293,12
DA:294,12
DA:302,0
DA:427,15
DA:429,15
DA:430,30
DA:431,15
DA:432,15
DA:497,8
DA:500,5
DA:503,3
DA:504,3
DA:507,5
DA:508,5
DA:509,5
DA:513,7
DA:514,7
DA:515,7
DA:527,0
DA:529,0
DA:530,0
DA:632,5
DA:634,5
DA:635,5
DA:874,5
DA:876,5
DA:889,7
DA:891,7
DA:903,0
DA:1124,5
DA:1127,5
DA:1128,5
DA:1317,3
DA:1319,3
DA:1787,9
DA:1788,9
DA:1792,1
DA:1793,1
DA:1803,6
DA:1804,6
DA:1809,1
DA:1810,1
DA:1815,3
DA:1818,3
DA:2169,5
DA:2170,5
DA:2212,2
DA:2213,2
LF:69
LH:63
end_of_record
TN:
SF:/usr/include/x86_64-linux-gnu/c++/13/bits/c++config.h
FN:540,551,_ZSt23__is_constant_evaluatedv
FNDA:52,_ZSt23__is_constant_evaluatedv
FNF:1
FNH:1
DA:322,0
DA:540,52
DA:547,52
LF:3
LH:2
end_of_record
TN:
SF:/usr/include/x86_64-linux-gnu/c++/13/bits/gthr-default.h
FN:300,303,_ZL18__gthread_active_pv
FN:746,752,_ZL20__gthread_mutex_lockP15pthread_mutex_t
FN:776,782,_ZL22__gthread_mutex_unlockP15pthread_mutex_t
FNDA:48,_ZL18__gthread_active_pv
FNDA:24,_ZL20__gthread_mutex_lockP15pthread_mutex_t
FNDA:24,_ZL22__gthread_mutex_unlockP15pthread_mutex_t
FNF:3
FNH:3
DA:300,48
DA:302,48
DA:746,24
DA:748,24
DA:749,24
DA:751,0
DA:776,24
DA:778,24
DA:779,24
DA:781,0
LF:10
LH:8
end_of_record
